2024-12-17 07:24:04,958 - engineio.server - INFO - Server initialized for eventlet.
2024-12-17 07:24:05,323 - backend - DEBUG - Serving path: 
2024-12-17 07:24:05,323 - backend - DEBUG - Serving index.html for root path
2024-12-17 07:24:07,676 - backend - DEBUG - Serving path: 
2024-12-17 07:24:07,676 - backend - DEBUG - Serving index.html for root path
2024-12-17 07:24:08,228 - engineio.server - INFO - aLAdTfz7m3YthCm9AAAA: Sending packet OPEN data {'sid': 'aLAdTfz7m3YthCm9AAAA', 'upgrades': [], 'pingTimeout': 60000, 'pingInterval': 25000}
2024-12-17 07:24:08,228 - engineio.server - INFO - aLAdTfz7m3YthCm9AAAA: Received request to upgrade to websocket
2024-12-17 07:24:08,228 - engineio.server - INFO - aLAdTfz7m3YthCm9AAAA: Upgrade to websocket successful
2024-12-17 07:24:08,251 - engineio.server - INFO - aLAdTfz7m3YthCm9AAAA: Received packet MESSAGE data 0/takserver-status,
2024-12-17 07:24:08,251 - engineio.server - INFO - aLAdTfz7m3YthCm9AAAA: Sending packet MESSAGE data 0/takserver-status,{"sid":"e7-fdhyJpHKWpuubAAAB"}
2024-12-17 07:24:08,455 - socketio.server - INFO - emitting event "takserver_status" to all [/takserver-status]
2024-12-17 07:24:08,456 - engineio.server - INFO - aLAdTfz7m3YthCm9AAAA: Sending packet MESSAGE data 2/takserver-status,["takserver_status",{"isInstalled":false,"isRunning":false,"dockerRunning":false,"version":null,"error":"Docker daemon is not running","isStarting":false,"isStopping":false,"isRestarting":false,"isUninstalling":false}]
2024-12-17 07:24:08,456 - engineio.server - INFO - aLAdTfz7m3YthCm9AAAA: Received packet MESSAGE data 0/services-monitor,
2024-12-17 07:24:08,457 - engineio.server - INFO - aLAdTfz7m3YthCm9AAAA: Sending packet MESSAGE data 0/services-monitor,{"sid":"ZrGojMWMfUfpjP0AAAAC"}
2024-12-17 07:24:08,457 - engineio.server - INFO - aLAdTfz7m3YthCm9AAAA: Received packet MESSAGE data 0/ip-fetcher,
2024-12-17 07:24:08,458 - engineio.server - INFO - aLAdTfz7m3YthCm9AAAA: Sending packet MESSAGE data 0/ip-fetcher,{"sid":"t6KryfrmdT1eHdJxAAAD"}
2024-12-17 07:24:08,671 - socketio.server - INFO - emitting event "takserver_status" to all [/takserver-status]
2024-12-17 07:24:08,671 - engineio.server - INFO - aLAdTfz7m3YthCm9AAAA: Sending packet MESSAGE data 2/takserver-status,["takserver_status",{"isInstalled":false,"isRunning":false,"dockerRunning":false,"version":null,"error":"Docker daemon is not running","isStarting":false,"isStopping":false,"isRestarting":false,"isUninstalling":false}]
2024-12-17 07:24:08,679 - socketio.server - INFO - emitting event "ip_address_update" to all [/ip-fetcher]
2024-12-17 07:24:08,679 - engineio.server - INFO - aLAdTfz7m3YthCm9AAAA: Sending packet MESSAGE data 2/ip-fetcher,["ip_address_update",{"ip_address":"192.168.1.115"}]
2024-12-17 07:24:08,684 - socketio.server - INFO - emitting event "ip_address_update" to all [/ip-fetcher]
2024-12-17 07:24:08,684 - engineio.server - INFO - aLAdTfz7m3YthCm9AAAA: Sending packet MESSAGE data 2/ip-fetcher,["ip_address_update",{"ip_address":"192.168.1.115"}]
2024-12-17 07:24:08,684 - engineio.server - INFO - aLAdTfz7m3YthCm9AAAA: Received packet MESSAGE data 2/takserver-status,["check_status"]
2024-12-17 07:24:08,684 - socketio.server - INFO - received event "check_status" from e7-fdhyJpHKWpuubAAAB [/takserver-status]
2024-12-17 07:24:08,891 - socketio.server - INFO - emitting event "takserver_status" to all [/takserver-status]
2024-12-17 07:24:08,892 - engineio.server - INFO - aLAdTfz7m3YthCm9AAAA: Sending packet MESSAGE data 2/takserver-status,["takserver_status",{"isInstalled":false,"isRunning":false,"dockerRunning":false,"version":null,"error":"Docker daemon is not running","isStarting":false,"isStopping":false,"isRestarting":false,"isUninstalling":false}]
2024-12-17 07:24:08,970 - socketio.server - INFO - emitting event "cpu_usage" to all [/services-monitor]
2024-12-17 07:24:08,970 - engineio.server - INFO - aLAdTfz7m3YthCm9AAAA: Sending packet MESSAGE data 2/services-monitor,["cpu_usage",{"cpu_usage":15.7}]
2024-12-17 07:24:09,071 - socketio.server - INFO - emitting event "ram_usage" to all [/services-monitor]
2024-12-17 07:24:09,071 - engineio.server - INFO - aLAdTfz7m3YthCm9AAAA: Sending packet MESSAGE data 2/services-monitor,["ram_usage",{"ram_usage":51.9}]
2024-12-17 07:24:09,172 - socketio.server - INFO - emitting event "services" to all [/services-monitor]
2024-12-17 07:24:09,173 - engineio.server - INFO - aLAdTfz7m3YthCm9AAAA: Sending packet MESSAGE data 2/services-monitor,["services",{"services":[{"pid":1369,"name":"adb"},{"pid":1430,"name":"Signal Helper (GPU)"},{"pid":1431,"name":"Signal Helper"},{"pid":1461,"name":"Signal Helper (Renderer)"},{"pid":1507,"name":"systemstats"},{"pid":1540,"name":"Signal Helper"},{"pid":36349,"name":"Cursor Helper (Renderer)"},{"pid":36364,"name":"Cursor Helper (Plugin): extension-host [4-9]"},{"pid":36365,"name":"Cursor Helper"},{"pid":36366,"name":"zsh"},{"pid":36465,"name":"pet"},{"pid":36472,"name":"Cursor Helper (Plugin)"},{"pid":36523,"name":"zsh"},{"pid":36745,"name":"zsh"},{"pid":36905,"name":"Cursor Helper (Plugin)"},{"pid":36912,"name":"Cursor Helper (Plugin)"},{"pid":36918,"name":"Cursor Helper (Plugin)"},{"pid":36940,"name":"Cursor Helper (Plugin)"},{"pid":37387,"name":"Python"},{"pid":37388,"name":"Python"},{"pid":37389,"name":"Python"},{"pid":49726,"name":"Cursor Helper (GPU)"},{"pid":49727,"name":"Cursor Helper"},{"pid":49869,"name":"Cursor Helper"},{"pid":49876,"name":"Cursor Helper"}]}]
2024-12-17 07:24:09,356 - socketio.server - INFO - emitting event "cpu_usage" to all [/services-monitor]
2024-12-17 07:24:09,357 - engineio.server - INFO - aLAdTfz7m3YthCm9AAAA: Sending packet MESSAGE data 2/services-monitor,["cpu_usage",{"cpu_usage":0.0}]
2024-12-17 07:24:09,458 - socketio.server - INFO - emitting event "ram_usage" to all [/services-monitor]
2024-12-17 07:24:09,458 - engineio.server - INFO - aLAdTfz7m3YthCm9AAAA: Sending packet MESSAGE data 2/services-monitor,["ram_usage",{"ram_usage":51.7}]
2024-12-17 07:24:09,559 - socketio.server - INFO - emitting event "services" to all [/services-monitor]
2024-12-17 07:24:09,559 - engineio.server - INFO - aLAdTfz7m3YthCm9AAAA: Sending packet MESSAGE data 2/services-monitor,["services",{"services":[{"pid":1369,"name":"adb"},{"pid":1430,"name":"Signal Helper (GPU)"},{"pid":1431,"name":"Signal Helper"},{"pid":1461,"name":"Signal Helper (Renderer)"},{"pid":1507,"name":"systemstats"},{"pid":1540,"name":"Signal Helper"},{"pid":36349,"name":"Cursor Helper (Renderer)"},{"pid":36364,"name":"Cursor Helper (Plugin): extension-host [4-9]"},{"pid":36365,"name":"Cursor Helper"},{"pid":36366,"name":"zsh"},{"pid":36465,"name":"pet"},{"pid":36472,"name":"Cursor Helper (Plugin)"},{"pid":36523,"name":"zsh"},{"pid":36745,"name":"zsh"},{"pid":36905,"name":"Cursor Helper (Plugin)"},{"pid":36912,"name":"Cursor Helper (Plugin)"},{"pid":36918,"name":"Cursor Helper (Plugin)"},{"pid":36940,"name":"Cursor Helper (Plugin)"},{"pid":37387,"name":"Python"},{"pid":37388,"name":"Python"},{"pid":37389,"name":"Python"},{"pid":49726,"name":"Cursor Helper (GPU)"},{"pid":49727,"name":"Cursor Helper"},{"pid":49869,"name":"Cursor Helper"},{"pid":49876,"name":"Cursor Helper"}]}]
2024-12-17 07:24:10,902 - socketio.server - INFO - emitting event "ip_address_update" to all [/ip-fetcher]
2024-12-17 07:24:10,903 - engineio.server - INFO - aLAdTfz7m3YthCm9AAAA: Sending packet MESSAGE data 2/ip-fetcher,["ip_address_update",{"ip_address":"192.168.1.115"}]
2024-12-17 07:24:11,452 - socketio.server - INFO - emitting event "cpu_usage" to all [/services-monitor]
2024-12-17 07:24:11,452 - engineio.server - INFO - aLAdTfz7m3YthCm9AAAA: Sending packet MESSAGE data 2/services-monitor,["cpu_usage",{"cpu_usage":14.3}]
2024-12-17 07:24:11,553 - socketio.server - INFO - emitting event "ram_usage" to all [/services-monitor]
2024-12-17 07:24:11,553 - engineio.server - INFO - aLAdTfz7m3YthCm9AAAA: Sending packet MESSAGE data 2/services-monitor,["ram_usage",{"ram_usage":51.0}]
2024-12-17 07:24:11,654 - socketio.server - INFO - emitting event "services" to all [/services-monitor]
2024-12-17 07:24:11,655 - engineio.server - INFO - aLAdTfz7m3YthCm9AAAA: Sending packet MESSAGE data 2/services-monitor,["services",{"services":[{"pid":1369,"name":"adb"},{"pid":1430,"name":"Signal Helper (GPU)"},{"pid":1431,"name":"Signal Helper"},{"pid":1461,"name":"Signal Helper (Renderer)"},{"pid":1507,"name":"systemstats"},{"pid":1540,"name":"Signal Helper"},{"pid":36349,"name":"Cursor Helper (Renderer)"},{"pid":36364,"name":"Cursor Helper (Plugin): extension-host [4-9]"},{"pid":36365,"name":"Cursor Helper"},{"pid":36366,"name":"zsh"},{"pid":36465,"name":"pet"},{"pid":36472,"name":"Cursor Helper (Plugin)"},{"pid":36523,"name":"zsh"},{"pid":36745,"name":"zsh"},{"pid":36905,"name":"Cursor Helper (Plugin)"},{"pid":36912,"name":"Cursor Helper (Plugin)"},{"pid":36918,"name":"Cursor Helper (Plugin)"},{"pid":36940,"name":"Cursor Helper (Plugin)"},{"pid":37387,"name":"Python"},{"pid":37388,"name":"Python"},{"pid":37389,"name":"Python"},{"pid":49726,"name":"Cursor Helper (GPU)"},{"pid":49727,"name":"Cursor Helper"},{"pid":49869,"name":"Cursor Helper"},{"pid":49876,"name":"Cursor Helper"}]}]
2024-12-17 07:24:13,130 - socketio.server - INFO - emitting event "ip_address_update" to all [/ip-fetcher]
2024-12-17 07:24:13,131 - engineio.server - INFO - aLAdTfz7m3YthCm9AAAA: Sending packet MESSAGE data 2/ip-fetcher,["ip_address_update",{"ip_address":"192.168.1.115"}]
2024-12-17 07:24:13,545 - socketio.server - INFO - emitting event "cpu_usage" to all [/services-monitor]
2024-12-17 07:24:13,545 - engineio.server - INFO - aLAdTfz7m3YthCm9AAAA: Sending packet MESSAGE data 2/services-monitor,["cpu_usage",{"cpu_usage":15.7}]
2024-12-17 07:24:13,646 - socketio.server - INFO - emitting event "ram_usage" to all [/services-monitor]
2024-12-17 07:24:13,646 - engineio.server - INFO - aLAdTfz7m3YthCm9AAAA: Sending packet MESSAGE data 2/services-monitor,["ram_usage",{"ram_usage":51.1}]
2024-12-17 07:24:13,747 - socketio.server - INFO - emitting event "services" to all [/services-monitor]
2024-12-17 07:24:13,747 - engineio.server - INFO - aLAdTfz7m3YthCm9AAAA: Sending packet MESSAGE data 2/services-monitor,["services",{"services":[{"pid":1369,"name":"adb"},{"pid":1430,"name":"Signal Helper (GPU)"},{"pid":1431,"name":"Signal Helper"},{"pid":1461,"name":"Signal Helper (Renderer)"},{"pid":1507,"name":"systemstats"},{"pid":1540,"name":"Signal Helper"},{"pid":36349,"name":"Cursor Helper (Renderer)"},{"pid":36364,"name":"Cursor Helper (Plugin): extension-host [4-9]"},{"pid":36365,"name":"Cursor Helper"},{"pid":36366,"name":"zsh"},{"pid":36465,"name":"pet"},{"pid":36472,"name":"Cursor Helper (Plugin)"},{"pid":36523,"name":"zsh"},{"pid":36745,"name":"zsh"},{"pid":36905,"name":"Cursor Helper (Plugin)"},{"pid":36912,"name":"Cursor Helper (Plugin)"},{"pid":36918,"name":"Cursor Helper (Plugin)"},{"pid":36940,"name":"Cursor Helper (Plugin)"},{"pid":37387,"name":"Python"},{"pid":37388,"name":"Python"},{"pid":37389,"name":"Python"},{"pid":49726,"name":"Cursor Helper (GPU)"},{"pid":49727,"name":"Cursor Helper"},{"pid":49869,"name":"Cursor Helper"},{"pid":49876,"name":"Cursor Helper"}]}]
2024-12-17 07:24:15,361 - socketio.server - INFO - emitting event "ip_address_update" to all [/ip-fetcher]
2024-12-17 07:24:15,361 - engineio.server - INFO - aLAdTfz7m3YthCm9AAAA: Sending packet MESSAGE data 2/ip-fetcher,["ip_address_update",{"ip_address":"192.168.1.115"}]
2024-12-17 07:24:15,642 - socketio.server - INFO - emitting event "cpu_usage" to all [/services-monitor]
2024-12-17 07:24:15,642 - engineio.server - INFO - aLAdTfz7m3YthCm9AAAA: Sending packet MESSAGE data 2/services-monitor,["cpu_usage",{"cpu_usage":15.0}]
2024-12-17 07:24:15,743 - socketio.server - INFO - emitting event "ram_usage" to all [/services-monitor]
2024-12-17 07:24:15,743 - engineio.server - INFO - aLAdTfz7m3YthCm9AAAA: Sending packet MESSAGE data 2/services-monitor,["ram_usage",{"ram_usage":51.3}]
2024-12-17 07:24:15,844 - socketio.server - INFO - emitting event "services" to all [/services-monitor]
2024-12-17 07:24:15,844 - engineio.server - INFO - aLAdTfz7m3YthCm9AAAA: Sending packet MESSAGE data 2/services-monitor,["services",{"services":[{"pid":1369,"name":"adb"},{"pid":1430,"name":"Signal Helper (GPU)"},{"pid":1431,"name":"Signal Helper"},{"pid":1461,"name":"Signal Helper (Renderer)"},{"pid":1507,"name":"systemstats"},{"pid":1540,"name":"Signal Helper"},{"pid":36349,"name":"Cursor Helper (Renderer)"},{"pid":36364,"name":"Cursor Helper (Plugin): extension-host [4-9]"},{"pid":36365,"name":"Cursor Helper"},{"pid":36366,"name":"zsh"},{"pid":36465,"name":"pet"},{"pid":36472,"name":"Cursor Helper (Plugin)"},{"pid":36523,"name":"zsh"},{"pid":36745,"name":"zsh"},{"pid":36905,"name":"Cursor Helper (Plugin)"},{"pid":36912,"name":"Cursor Helper (Plugin)"},{"pid":36918,"name":"Cursor Helper (Plugin)"},{"pid":36940,"name":"Cursor Helper (Plugin)"},{"pid":37387,"name":"Python"},{"pid":37388,"name":"Python"},{"pid":37389,"name":"Python"},{"pid":49726,"name":"Cursor Helper (GPU)"},{"pid":49727,"name":"Cursor Helper"},{"pid":49869,"name":"Cursor Helper"},{"pid":49876,"name":"Cursor Helper"}]}]
2024-12-17 07:24:17,594 - socketio.server - INFO - emitting event "ip_address_update" to all [/ip-fetcher]
2024-12-17 07:24:17,594 - engineio.server - INFO - aLAdTfz7m3YthCm9AAAA: Sending packet MESSAGE data 2/ip-fetcher,["ip_address_update",{"ip_address":"192.168.1.115"}]
2024-12-17 07:24:17,725 - socketio.server - INFO - emitting event "cpu_usage" to all [/services-monitor]
2024-12-17 07:24:17,725 - engineio.server - INFO - aLAdTfz7m3YthCm9AAAA: Sending packet MESSAGE data 2/services-monitor,["cpu_usage",{"cpu_usage":14.4}]
2024-12-17 07:24:17,826 - socketio.server - INFO - emitting event "ram_usage" to all [/services-monitor]
2024-12-17 07:24:17,827 - engineio.server - INFO - aLAdTfz7m3YthCm9AAAA: Sending packet MESSAGE data 2/services-monitor,["ram_usage",{"ram_usage":51.2}]
2024-12-17 07:24:17,928 - socketio.server - INFO - emitting event "services" to all [/services-monitor]
2024-12-17 07:24:17,929 - engineio.server - INFO - aLAdTfz7m3YthCm9AAAA: Sending packet MESSAGE data 2/services-monitor,["services",{"services":[{"pid":1369,"name":"adb"},{"pid":1430,"name":"Signal Helper (GPU)"},{"pid":1431,"name":"Signal Helper"},{"pid":1461,"name":"Signal Helper (Renderer)"},{"pid":1507,"name":"systemstats"},{"pid":1540,"name":"Signal Helper"},{"pid":36349,"name":"Cursor Helper (Renderer)"},{"pid":36364,"name":"Cursor Helper (Plugin): extension-host [4-9]"},{"pid":36365,"name":"Cursor Helper"},{"pid":36366,"name":"zsh"},{"pid":36465,"name":"pet"},{"pid":36472,"name":"Cursor Helper (Plugin)"},{"pid":36523,"name":"zsh"},{"pid":36745,"name":"zsh"},{"pid":36905,"name":"Cursor Helper (Plugin)"},{"pid":36912,"name":"Cursor Helper (Plugin)"},{"pid":36918,"name":"Cursor Helper (Plugin)"},{"pid":36940,"name":"Cursor Helper (Plugin)"},{"pid":37387,"name":"Python"},{"pid":37388,"name":"Python"},{"pid":37389,"name":"Python"},{"pid":49726,"name":"Cursor Helper (GPU)"},{"pid":49727,"name":"Cursor Helper"},{"pid":49869,"name":"Cursor Helper"},{"pid":49876,"name":"Cursor Helper"}]}]
2024-12-17 07:24:19,813 - socketio.server - INFO - emitting event "ip_address_update" to all [/ip-fetcher]
2024-12-17 07:24:19,813 - engineio.server - INFO - aLAdTfz7m3YthCm9AAAA: Sending packet MESSAGE data 2/ip-fetcher,["ip_address_update",{"ip_address":"192.168.1.115"}]
2024-12-17 07:24:19,886 - socketio.server - INFO - emitting event "cpu_usage" to all [/services-monitor]
2024-12-17 07:24:19,886 - engineio.server - INFO - aLAdTfz7m3YthCm9AAAA: Sending packet MESSAGE data 2/services-monitor,["cpu_usage",{"cpu_usage":15.4}]
2024-12-17 07:24:19,987 - socketio.server - INFO - emitting event "ram_usage" to all [/services-monitor]
2024-12-17 07:24:19,987 - engineio.server - INFO - aLAdTfz7m3YthCm9AAAA: Sending packet MESSAGE data 2/services-monitor,["ram_usage",{"ram_usage":51.1}]
2024-12-17 07:24:20,088 - socketio.server - INFO - emitting event "services" to all [/services-monitor]
2024-12-17 07:24:20,089 - engineio.server - INFO - aLAdTfz7m3YthCm9AAAA: Sending packet MESSAGE data 2/services-monitor,["services",{"services":[{"pid":1369,"name":"adb"},{"pid":1430,"name":"Signal Helper (GPU)"},{"pid":1431,"name":"Signal Helper"},{"pid":1461,"name":"Signal Helper (Renderer)"},{"pid":1507,"name":"systemstats"},{"pid":1540,"name":"Signal Helper"},{"pid":36349,"name":"Cursor Helper (Renderer)"},{"pid":36364,"name":"Cursor Helper (Plugin): extension-host [4-9]"},{"pid":36365,"name":"Cursor Helper"},{"pid":36366,"name":"zsh"},{"pid":36465,"name":"pet"},{"pid":36472,"name":"Cursor Helper (Plugin)"},{"pid":36523,"name":"zsh"},{"pid":36745,"name":"zsh"},{"pid":36905,"name":"Cursor Helper (Plugin)"},{"pid":36912,"name":"Cursor Helper (Plugin)"},{"pid":36918,"name":"Cursor Helper (Plugin)"},{"pid":36940,"name":"Cursor Helper (Plugin)"},{"pid":37387,"name":"Python"},{"pid":37388,"name":"Python"},{"pid":37389,"name":"Python"},{"pid":49726,"name":"Cursor Helper (GPU)"},{"pid":49727,"name":"Cursor Helper"},{"pid":49869,"name":"Cursor Helper"},{"pid":49876,"name":"Cursor Helper"}]}]
2024-12-17 07:24:22,045 - socketio.server - INFO - emitting event "ip_address_update" to all [/ip-fetcher]
2024-12-17 07:24:22,045 - engineio.server - INFO - aLAdTfz7m3YthCm9AAAA: Sending packet MESSAGE data 2/ip-fetcher,["ip_address_update",{"ip_address":"192.168.1.115"}]
2024-12-17 07:24:22,116 - socketio.server - INFO - emitting event "cpu_usage" to all [/services-monitor]
2024-12-17 07:24:22,116 - engineio.server - INFO - aLAdTfz7m3YthCm9AAAA: Sending packet MESSAGE data 2/services-monitor,["cpu_usage",{"cpu_usage":13.6}]
2024-12-17 07:24:22,218 - socketio.server - INFO - emitting event "ram_usage" to all [/services-monitor]
2024-12-17 07:24:22,218 - engineio.server - INFO - aLAdTfz7m3YthCm9AAAA: Sending packet MESSAGE data 2/services-monitor,["ram_usage",{"ram_usage":51.2}]
2024-12-17 07:24:22,319 - socketio.server - INFO - emitting event "services" to all [/services-monitor]
2024-12-17 07:24:22,319 - engineio.server - INFO - aLAdTfz7m3YthCm9AAAA: Sending packet MESSAGE data 2/services-monitor,["services",{"services":[{"pid":1369,"name":"adb"},{"pid":1430,"name":"Signal Helper (GPU)"},{"pid":1431,"name":"Signal Helper"},{"pid":1461,"name":"Signal Helper (Renderer)"},{"pid":1507,"name":"systemstats"},{"pid":1540,"name":"Signal Helper"},{"pid":36349,"name":"Cursor Helper (Renderer)"},{"pid":36364,"name":"Cursor Helper (Plugin): extension-host [4-9]"},{"pid":36365,"name":"Cursor Helper"},{"pid":36366,"name":"zsh"},{"pid":36465,"name":"pet"},{"pid":36472,"name":"Cursor Helper (Plugin)"},{"pid":36523,"name":"zsh"},{"pid":36745,"name":"zsh"},{"pid":36905,"name":"Cursor Helper (Plugin)"},{"pid":36912,"name":"Cursor Helper (Plugin)"},{"pid":36918,"name":"Cursor Helper (Plugin)"},{"pid":36940,"name":"Cursor Helper (Plugin)"},{"pid":37387,"name":"Python"},{"pid":37388,"name":"Python"},{"pid":37389,"name":"Python"},{"pid":49726,"name":"Cursor Helper (GPU)"},{"pid":49727,"name":"Cursor Helper"},{"pid":49869,"name":"Cursor Helper"},{"pid":49876,"name":"Cursor Helper"}]}]
2024-12-17 07:24:24,275 - socketio.server - INFO - emitting event "ip_address_update" to all [/ip-fetcher]
2024-12-17 07:24:24,275 - engineio.server - INFO - aLAdTfz7m3YthCm9AAAA: Sending packet MESSAGE data 2/ip-fetcher,["ip_address_update",{"ip_address":"192.168.1.115"}]
2024-12-17 07:24:24,341 - socketio.server - INFO - emitting event "cpu_usage" to all [/services-monitor]
2024-12-17 07:24:24,341 - engineio.server - INFO - aLAdTfz7m3YthCm9AAAA: Sending packet MESSAGE data 2/services-monitor,["cpu_usage",{"cpu_usage":16.0}]
2024-12-17 07:24:24,443 - socketio.server - INFO - emitting event "ram_usage" to all [/services-monitor]
2024-12-17 07:24:24,443 - engineio.server - INFO - aLAdTfz7m3YthCm9AAAA: Sending packet MESSAGE data 2/services-monitor,["ram_usage",{"ram_usage":51.9}]
2024-12-17 07:24:24,543 - socketio.server - INFO - emitting event "services" to all [/services-monitor]
2024-12-17 07:24:24,544 - engineio.server - INFO - aLAdTfz7m3YthCm9AAAA: Sending packet MESSAGE data 2/services-monitor,["services",{"services":[{"pid":1369,"name":"adb"},{"pid":1430,"name":"Signal Helper (GPU)"},{"pid":1431,"name":"Signal Helper"},{"pid":1461,"name":"Signal Helper (Renderer)"},{"pid":1507,"name":"systemstats"},{"pid":1540,"name":"Signal Helper"},{"pid":36349,"name":"Cursor Helper (Renderer)"},{"pid":36364,"name":"Cursor Helper (Plugin): extension-host [4-9]"},{"pid":36365,"name":"Cursor Helper"},{"pid":36366,"name":"zsh"},{"pid":36465,"name":"pet"},{"pid":36472,"name":"Cursor Helper (Plugin)"},{"pid":36523,"name":"zsh"},{"pid":36745,"name":"zsh"},{"pid":36905,"name":"Cursor Helper (Plugin)"},{"pid":36912,"name":"Cursor Helper (Plugin)"},{"pid":36918,"name":"Cursor Helper (Plugin)"},{"pid":36940,"name":"Cursor Helper (Plugin)"},{"pid":37387,"name":"Python"},{"pid":37388,"name":"Python"},{"pid":37389,"name":"Python"},{"pid":49726,"name":"Cursor Helper (GPU)"},{"pid":49727,"name":"Cursor Helper"},{"pid":49869,"name":"Cursor Helper"},{"pid":49876,"name":"Cursor Helper"}]}]
2024-12-17 07:24:26,513 - socketio.server - INFO - emitting event "ip_address_update" to all [/ip-fetcher]
2024-12-17 07:24:26,514 - engineio.server - INFO - aLAdTfz7m3YthCm9AAAA: Sending packet MESSAGE data 2/ip-fetcher,["ip_address_update",{"ip_address":"192.168.1.115"}]
2024-12-17 07:24:26,584 - socketio.server - INFO - emitting event "cpu_usage" to all [/services-monitor]
2024-12-17 07:24:26,584 - engineio.server - INFO - aLAdTfz7m3YthCm9AAAA: Sending packet MESSAGE data 2/services-monitor,["cpu_usage",{"cpu_usage":12.9}]
2024-12-17 07:24:26,685 - socketio.server - INFO - emitting event "ram_usage" to all [/services-monitor]
2024-12-17 07:24:26,685 - engineio.server - INFO - aLAdTfz7m3YthCm9AAAA: Sending packet MESSAGE data 2/services-monitor,["ram_usage",{"ram_usage":51.0}]
2024-12-17 07:24:26,786 - socketio.server - INFO - emitting event "services" to all [/services-monitor]
2024-12-17 07:24:26,787 - engineio.server - INFO - aLAdTfz7m3YthCm9AAAA: Sending packet MESSAGE data 2/services-monitor,["services",{"services":[{"pid":1369,"name":"adb"},{"pid":1430,"name":"Signal Helper (GPU)"},{"pid":1431,"name":"Signal Helper"},{"pid":1461,"name":"Signal Helper (Renderer)"},{"pid":1507,"name":"systemstats"},{"pid":1540,"name":"Signal Helper"},{"pid":36349,"name":"Cursor Helper (Renderer)"},{"pid":36364,"name":"Cursor Helper (Plugin): extension-host [4-9]"},{"pid":36365,"name":"Cursor Helper"},{"pid":36366,"name":"zsh"},{"pid":36465,"name":"pet"},{"pid":36472,"name":"Cursor Helper (Plugin)"},{"pid":36523,"name":"zsh"},{"pid":36745,"name":"zsh"},{"pid":36905,"name":"Cursor Helper (Plugin)"},{"pid":36912,"name":"Cursor Helper (Plugin)"},{"pid":36918,"name":"Cursor Helper (Plugin)"},{"pid":36940,"name":"Cursor Helper (Plugin)"},{"pid":37387,"name":"Python"},{"pid":37388,"name":"Python"},{"pid":37389,"name":"Python"},{"pid":49726,"name":"Cursor Helper (GPU)"},{"pid":49727,"name":"Cursor Helper"},{"pid":49869,"name":"Cursor Helper"},{"pid":49876,"name":"Cursor Helper"}]}]
2024-12-17 07:24:28,738 - socketio.server - INFO - emitting event "ip_address_update" to all [/ip-fetcher]
2024-12-17 07:24:28,739 - engineio.server - INFO - aLAdTfz7m3YthCm9AAAA: Sending packet MESSAGE data 2/ip-fetcher,["ip_address_update",{"ip_address":"192.168.1.115"}]
2024-12-17 07:24:28,807 - socketio.server - INFO - emitting event "cpu_usage" to all [/services-monitor]
2024-12-17 07:24:28,807 - engineio.server - INFO - aLAdTfz7m3YthCm9AAAA: Sending packet MESSAGE data 2/services-monitor,["cpu_usage",{"cpu_usage":12.0}]
2024-12-17 07:24:28,908 - socketio.server - INFO - emitting event "ram_usage" to all [/services-monitor]
2024-12-17 07:24:28,908 - engineio.server - INFO - aLAdTfz7m3YthCm9AAAA: Sending packet MESSAGE data 2/services-monitor,["ram_usage",{"ram_usage":51.5}]
2024-12-17 07:24:29,010 - socketio.server - INFO - emitting event "services" to all [/services-monitor]
2024-12-17 07:24:29,010 - engineio.server - INFO - aLAdTfz7m3YthCm9AAAA: Sending packet MESSAGE data 2/services-monitor,["services",{"services":[{"pid":1369,"name":"adb"},{"pid":1430,"name":"Signal Helper (GPU)"},{"pid":1431,"name":"Signal Helper"},{"pid":1461,"name":"Signal Helper (Renderer)"},{"pid":1507,"name":"systemstats"},{"pid":1540,"name":"Signal Helper"},{"pid":36349,"name":"Cursor Helper (Renderer)"},{"pid":36364,"name":"Cursor Helper (Plugin): extension-host [4-9]"},{"pid":36365,"name":"Cursor Helper"},{"pid":36366,"name":"zsh"},{"pid":36465,"name":"pet"},{"pid":36472,"name":"Cursor Helper (Plugin)"},{"pid":36523,"name":"zsh"},{"pid":36745,"name":"zsh"},{"pid":36905,"name":"Cursor Helper (Plugin)"},{"pid":36912,"name":"Cursor Helper (Plugin)"},{"pid":36918,"name":"Cursor Helper (Plugin)"},{"pid":36940,"name":"Cursor Helper (Plugin)"},{"pid":37387,"name":"Python"},{"pid":37388,"name":"Python"},{"pid":37389,"name":"Python"},{"pid":49726,"name":"Cursor Helper (GPU)"},{"pid":49727,"name":"Cursor Helper"},{"pid":49869,"name":"Cursor Helper"},{"pid":49876,"name":"Cursor Helper"}]}]
2024-12-17 07:24:30,101 - engineio.server - INFO - aLAdTfz7m3YthCm9AAAA: Received packet MESSAGE data 1/services-monitor,
2024-12-17 07:24:30,316 - socketio.server - INFO - emitting event "docker_status" to all [/docker-manager]
2024-12-17 07:24:30,318 - engineio.server - INFO - aLAdTfz7m3YthCm9AAAA: Received packet MESSAGE data 1/ip-fetcher,
2024-12-17 07:24:30,319 - engineio.server - INFO - aLAdTfz7m3YthCm9AAAA: Received packet MESSAGE data 0/docker-manager,
2024-12-17 07:24:30,319 - engineio.server - INFO - aLAdTfz7m3YthCm9AAAA: Sending packet MESSAGE data 0/docker-manager,{"sid":"M1Iqy_s12GzHm0VZAAAE"}
2024-12-17 07:24:30,532 - socketio.server - INFO - emitting event "docker_status" to all [/docker-manager]
2024-12-17 07:24:30,533 - engineio.server - INFO - aLAdTfz7m3YthCm9AAAA: Sending packet MESSAGE data 2/docker-manager,["docker_status",{"isInstalled":true,"isRunning":false,"error":"Docker daemon is not running"}]
2024-12-17 07:24:30,534 - engineio.server - INFO - n9ksL0ZNWGODlF2UAAAF: Sending packet OPEN data {'sid': 'n9ksL0ZNWGODlF2UAAAF', 'upgrades': [], 'pingTimeout': 60000, 'pingInterval': 25000}
2024-12-17 07:24:30,534 - engineio.server - INFO - n9ksL0ZNWGODlF2UAAAF: Received request to upgrade to websocket
2024-12-17 07:24:30,535 - engineio.server - INFO - n9ksL0ZNWGODlF2UAAAF: Upgrade to websocket successful
2024-12-17 07:24:30,753 - socketio.server - INFO - emitting event "docker_status" to all [/docker-manager]
2024-12-17 07:24:30,753 - engineio.server - INFO - aLAdTfz7m3YthCm9AAAA: Sending packet MESSAGE data 2/docker-manager,["docker_status",{"isInstalled":true,"isRunning":false,"error":"Docker daemon is not running"}]
2024-12-17 07:24:30,957 - engineio.server - INFO - n9ksL0ZNWGODlF2UAAAF: Received packet MESSAGE data 0/docker-manager,
2024-12-17 07:24:30,958 - engineio.server - INFO - n9ksL0ZNWGODlF2UAAAF: Sending packet MESSAGE data 0/docker-manager,{"sid":"rEyXJiwKYLDCrZrxAAAG"}
2024-12-17 07:24:31,169 - socketio.server - INFO - emitting event "docker_status" to all [/docker-manager]
2024-12-17 07:24:31,169 - engineio.server - INFO - aLAdTfz7m3YthCm9AAAA: Sending packet MESSAGE data 2/docker-manager,["docker_status",{"isInstalled":true,"isRunning":false,"error":"Docker daemon is not running"}]
2024-12-17 07:24:31,170 - engineio.server - INFO - n9ksL0ZNWGODlF2UAAAF: Sending packet MESSAGE data 2/docker-manager,["docker_status",{"isInstalled":true,"isRunning":false,"error":"Docker daemon is not running"}]
2024-12-17 07:24:33,230 - engineio.server - INFO - aLAdTfz7m3YthCm9AAAA: Sending packet PING data None
2024-12-17 07:24:33,290 - engineio.server - INFO - aLAdTfz7m3YthCm9AAAA: Received packet PONG data 
2024-12-17 07:24:46,382 - engineio.server - INFO - n9ksL0ZNWGODlF2UAAAF: Received packet MESSAGE data 1/docker-manager,
2024-12-17 07:24:46,383 - engineio.server - INFO - aLAdTfz7m3YthCm9AAAA: Received packet MESSAGE data 1/docker-manager,
2024-12-17 07:24:46,591 - engineio.server - INFO - MQ09rdG3E2QoLxTXAAAH: Sending packet OPEN data {'sid': 'MQ09rdG3E2QoLxTXAAAH', 'upgrades': [], 'pingTimeout': 60000, 'pingInterval': 25000}
2024-12-17 07:24:46,591 - engineio.server - INFO - MQ09rdG3E2QoLxTXAAAH: Received request to upgrade to websocket
2024-12-17 07:24:46,591 - engineio.server - INFO - MQ09rdG3E2QoLxTXAAAH: Upgrade to websocket successful
2024-12-17 07:24:46,591 - engineio.server - INFO - PuUDhS2_W6UIvpL5AAAI: Sending packet OPEN data {'sid': 'PuUDhS2_W6UIvpL5AAAI', 'upgrades': [], 'pingTimeout': 60000, 'pingInterval': 25000}
2024-12-17 07:24:46,591 - engineio.server - INFO - PuUDhS2_W6UIvpL5AAAI: Received request to upgrade to websocket
2024-12-17 07:24:46,592 - engineio.server - INFO - PuUDhS2_W6UIvpL5AAAI: Upgrade to websocket successful
2024-12-17 07:24:46,593 - engineio.server - INFO - MQ09rdG3E2QoLxTXAAAH: Received packet MESSAGE data 0/services-monitor,
2024-12-17 07:24:46,593 - engineio.server - INFO - MQ09rdG3E2QoLxTXAAAH: Sending packet MESSAGE data 0/services-monitor,{"sid":"gpQ0ap36_HM-Eb6bAAAJ"}
2024-12-17 07:24:46,594 - engineio.server - INFO - PuUDhS2_W6UIvpL5AAAI: Received packet MESSAGE data 0/ip-fetcher,
2024-12-17 07:24:46,594 - engineio.server - INFO - PuUDhS2_W6UIvpL5AAAI: Sending packet MESSAGE data 0/ip-fetcher,{"sid":"lWjewy8poM6xyXJAAAAK"}
2024-12-17 07:24:46,601 - socketio.server - INFO - emitting event "ip_address_update" to all [/ip-fetcher]
2024-12-17 07:24:46,602 - engineio.server - INFO - PuUDhS2_W6UIvpL5AAAI: Sending packet MESSAGE data 2/ip-fetcher,["ip_address_update",{"ip_address":"192.168.1.115"}]
2024-12-17 07:24:46,607 - socketio.server - INFO - emitting event "ip_address_update" to all [/ip-fetcher]
2024-12-17 07:24:46,607 - engineio.server - INFO - PuUDhS2_W6UIvpL5AAAI: Sending packet MESSAGE data 2/ip-fetcher,["ip_address_update",{"ip_address":"192.168.1.115"}]
2024-12-17 07:24:46,775 - socketio.server - INFO - emitting event "cpu_usage" to all [/services-monitor]
2024-12-17 07:24:46,775 - engineio.server - INFO - MQ09rdG3E2QoLxTXAAAH: Sending packet MESSAGE data 2/services-monitor,["cpu_usage",{"cpu_usage":13.6}]
2024-12-17 07:24:46,876 - socketio.server - INFO - emitting event "ram_usage" to all [/services-monitor]
2024-12-17 07:24:46,876 - engineio.server - INFO - MQ09rdG3E2QoLxTXAAAH: Sending packet MESSAGE data 2/services-monitor,["ram_usage",{"ram_usage":51.3}]
2024-12-17 07:24:46,978 - socketio.server - INFO - emitting event "services" to all [/services-monitor]
2024-12-17 07:24:46,978 - engineio.server - INFO - MQ09rdG3E2QoLxTXAAAH: Sending packet MESSAGE data 2/services-monitor,["services",{"services":[{"pid":1369,"name":"adb"},{"pid":1430,"name":"Signal Helper (GPU)"},{"pid":1431,"name":"Signal Helper"},{"pid":1461,"name":"Signal Helper (Renderer)"},{"pid":1507,"name":"systemstats"},{"pid":1540,"name":"Signal Helper"},{"pid":36349,"name":"Cursor Helper (Renderer)"},{"pid":36364,"name":"Cursor Helper (Plugin): extension-host [4-9]"},{"pid":36365,"name":"Cursor Helper"},{"pid":36366,"name":"zsh"},{"pid":36465,"name":"pet"},{"pid":36472,"name":"Cursor Helper (Plugin)"},{"pid":36523,"name":"zsh"},{"pid":36745,"name":"zsh"},{"pid":36905,"name":"Cursor Helper (Plugin)"},{"pid":36912,"name":"Cursor Helper (Plugin)"},{"pid":36918,"name":"Cursor Helper (Plugin)"},{"pid":36940,"name":"Cursor Helper (Plugin)"},{"pid":37387,"name":"Python"},{"pid":37388,"name":"Python"},{"pid":37389,"name":"Python"},{"pid":49726,"name":"Cursor Helper (GPU)"},{"pid":49727,"name":"Cursor Helper"},{"pid":49869,"name":"Cursor Helper"},{"pid":49876,"name":"Cursor Helper"}]}]
2024-12-17 07:24:47,166 - socketio.server - INFO - emitting event "cpu_usage" to all [/services-monitor]
2024-12-17 07:24:47,166 - engineio.server - INFO - MQ09rdG3E2QoLxTXAAAH: Sending packet MESSAGE data 2/services-monitor,["cpu_usage",{"cpu_usage":12.5}]
2024-12-17 07:24:47,267 - socketio.server - INFO - emitting event "ram_usage" to all [/services-monitor]
2024-12-17 07:24:47,267 - engineio.server - INFO - MQ09rdG3E2QoLxTXAAAH: Sending packet MESSAGE data 2/services-monitor,["ram_usage",{"ram_usage":51.3}]
2024-12-17 07:24:47,368 - socketio.server - INFO - emitting event "services" to all [/services-monitor]
2024-12-17 07:24:47,368 - engineio.server - INFO - MQ09rdG3E2QoLxTXAAAH: Sending packet MESSAGE data 2/services-monitor,["services",{"services":[{"pid":1369,"name":"adb"},{"pid":1430,"name":"Signal Helper (GPU)"},{"pid":1431,"name":"Signal Helper"},{"pid":1461,"name":"Signal Helper (Renderer)"},{"pid":1507,"name":"systemstats"},{"pid":1540,"name":"Signal Helper"},{"pid":36349,"name":"Cursor Helper (Renderer)"},{"pid":36364,"name":"Cursor Helper (Plugin): extension-host [4-9]"},{"pid":36365,"name":"Cursor Helper"},{"pid":36366,"name":"zsh"},{"pid":36465,"name":"pet"},{"pid":36472,"name":"Cursor Helper (Plugin)"},{"pid":36523,"name":"zsh"},{"pid":36745,"name":"zsh"},{"pid":36905,"name":"Cursor Helper (Plugin)"},{"pid":36912,"name":"Cursor Helper (Plugin)"},{"pid":36918,"name":"Cursor Helper (Plugin)"},{"pid":36940,"name":"Cursor Helper (Plugin)"},{"pid":37387,"name":"Python"},{"pid":37388,"name":"Python"},{"pid":37389,"name":"Python"},{"pid":49726,"name":"Cursor Helper (GPU)"},{"pid":49727,"name":"Cursor Helper"},{"pid":49869,"name":"Cursor Helper"},{"pid":49876,"name":"Cursor Helper"}]}]
2024-12-17 07:24:48,825 - socketio.server - INFO - emitting event "ip_address_update" to all [/ip-fetcher]
2024-12-17 07:24:48,826 - engineio.server - INFO - PuUDhS2_W6UIvpL5AAAI: Sending packet MESSAGE data 2/ip-fetcher,["ip_address_update",{"ip_address":"192.168.1.115"}]
2024-12-17 07:24:49,241 - socketio.server - INFO - emitting event "cpu_usage" to all [/services-monitor]
2024-12-17 07:24:49,241 - engineio.server - INFO - MQ09rdG3E2QoLxTXAAAH: Sending packet MESSAGE data 2/services-monitor,["cpu_usage",{"cpu_usage":16.2}]
2024-12-17 07:24:49,343 - socketio.server - INFO - emitting event "ram_usage" to all [/services-monitor]
2024-12-17 07:24:49,343 - engineio.server - INFO - MQ09rdG3E2QoLxTXAAAH: Sending packet MESSAGE data 2/services-monitor,["ram_usage",{"ram_usage":52.3}]
2024-12-17 07:24:49,444 - socketio.server - INFO - emitting event "services" to all [/services-monitor]
2024-12-17 07:24:49,444 - engineio.server - INFO - MQ09rdG3E2QoLxTXAAAH: Sending packet MESSAGE data 2/services-monitor,["services",{"services":[{"pid":1369,"name":"adb"},{"pid":1430,"name":"Signal Helper (GPU)"},{"pid":1431,"name":"Signal Helper"},{"pid":1461,"name":"Signal Helper (Renderer)"},{"pid":1507,"name":"systemstats"},{"pid":1540,"name":"Signal Helper"},{"pid":36349,"name":"Cursor Helper (Renderer)"},{"pid":36364,"name":"Cursor Helper (Plugin): extension-host [4-9]"},{"pid":36365,"name":"Cursor Helper"},{"pid":36366,"name":"zsh"},{"pid":36465,"name":"pet"},{"pid":36472,"name":"Cursor Helper (Plugin)"},{"pid":36523,"name":"zsh"},{"pid":36745,"name":"zsh"},{"pid":36905,"name":"Cursor Helper (Plugin)"},{"pid":36912,"name":"Cursor Helper (Plugin)"},{"pid":36918,"name":"Cursor Helper (Plugin)"},{"pid":36940,"name":"Cursor Helper (Plugin)"},{"pid":37387,"name":"Python"},{"pid":37388,"name":"Python"},{"pid":37389,"name":"Python"},{"pid":49726,"name":"Cursor Helper (GPU)"},{"pid":49727,"name":"Cursor Helper"},{"pid":49869,"name":"Cursor Helper"},{"pid":49876,"name":"Cursor Helper"}]}]
2024-12-17 07:24:51,053 - socketio.server - INFO - emitting event "ip_address_update" to all [/ip-fetcher]
2024-12-17 07:24:51,053 - engineio.server - INFO - PuUDhS2_W6UIvpL5AAAI: Sending packet MESSAGE data 2/ip-fetcher,["ip_address_update",{"ip_address":"192.168.1.115"}]
2024-12-17 07:24:51,340 - socketio.server - INFO - emitting event "cpu_usage" to all [/services-monitor]
2024-12-17 07:24:51,340 - engineio.server - INFO - MQ09rdG3E2QoLxTXAAAH: Sending packet MESSAGE data 2/services-monitor,["cpu_usage",{"cpu_usage":14.6}]
2024-12-17 07:24:51,441 - socketio.server - INFO - emitting event "ram_usage" to all [/services-monitor]
2024-12-17 07:24:51,442 - engineio.server - INFO - MQ09rdG3E2QoLxTXAAAH: Sending packet MESSAGE data 2/services-monitor,["ram_usage",{"ram_usage":52.0}]
2024-12-17 07:24:51,543 - socketio.server - INFO - emitting event "services" to all [/services-monitor]
2024-12-17 07:24:51,543 - engineio.server - INFO - MQ09rdG3E2QoLxTXAAAH: Sending packet MESSAGE data 2/services-monitor,["services",{"services":[{"pid":1369,"name":"adb"},{"pid":1430,"name":"Signal Helper (GPU)"},{"pid":1431,"name":"Signal Helper"},{"pid":1461,"name":"Signal Helper (Renderer)"},{"pid":1507,"name":"systemstats"},{"pid":1540,"name":"Signal Helper"},{"pid":36349,"name":"Cursor Helper (Renderer)"},{"pid":36364,"name":"Cursor Helper (Plugin): extension-host [4-9]"},{"pid":36365,"name":"Cursor Helper"},{"pid":36366,"name":"zsh"},{"pid":36465,"name":"pet"},{"pid":36472,"name":"Cursor Helper (Plugin)"},{"pid":36523,"name":"zsh"},{"pid":36745,"name":"zsh"},{"pid":36905,"name":"Cursor Helper (Plugin)"},{"pid":36912,"name":"Cursor Helper (Plugin)"},{"pid":36918,"name":"Cursor Helper (Plugin)"},{"pid":36940,"name":"Cursor Helper (Plugin)"},{"pid":37387,"name":"Python"},{"pid":37388,"name":"Python"},{"pid":37389,"name":"Python"},{"pid":49726,"name":"Cursor Helper (GPU)"},{"pid":49727,"name":"Cursor Helper"},{"pid":49869,"name":"Cursor Helper"},{"pid":49876,"name":"Cursor Helper"}]}]
2024-12-17 07:24:53,288 - socketio.server - INFO - emitting event "ip_address_update" to all [/ip-fetcher]
2024-12-17 07:24:53,288 - engineio.server - INFO - PuUDhS2_W6UIvpL5AAAI: Sending packet MESSAGE data 2/ip-fetcher,["ip_address_update",{"ip_address":"192.168.1.115"}]
2024-12-17 07:24:53,425 - socketio.server - INFO - emitting event "cpu_usage" to all [/services-monitor]
2024-12-17 07:24:53,425 - engineio.server - INFO - MQ09rdG3E2QoLxTXAAAH: Sending packet MESSAGE data 2/services-monitor,["cpu_usage",{"cpu_usage":13.7}]
2024-12-17 07:24:53,526 - socketio.server - INFO - emitting event "ram_usage" to all [/services-monitor]
2024-12-17 07:24:53,527 - engineio.server - INFO - MQ09rdG3E2QoLxTXAAAH: Sending packet MESSAGE data 2/services-monitor,["ram_usage",{"ram_usage":51.6}]
2024-12-17 07:24:53,628 - socketio.server - INFO - emitting event "services" to all [/services-monitor]
2024-12-17 07:24:53,628 - engineio.server - INFO - MQ09rdG3E2QoLxTXAAAH: Sending packet MESSAGE data 2/services-monitor,["services",{"services":[{"pid":1369,"name":"adb"},{"pid":1430,"name":"Signal Helper (GPU)"},{"pid":1431,"name":"Signal Helper"},{"pid":1461,"name":"Signal Helper (Renderer)"},{"pid":1507,"name":"systemstats"},{"pid":1540,"name":"Signal Helper"},{"pid":36349,"name":"Cursor Helper (Renderer)"},{"pid":36364,"name":"Cursor Helper (Plugin): extension-host [4-9]"},{"pid":36365,"name":"Cursor Helper"},{"pid":36366,"name":"zsh"},{"pid":36465,"name":"pet"},{"pid":36472,"name":"Cursor Helper (Plugin)"},{"pid":36523,"name":"zsh"},{"pid":36745,"name":"zsh"},{"pid":36905,"name":"Cursor Helper (Plugin)"},{"pid":36912,"name":"Cursor Helper (Plugin)"},{"pid":36918,"name":"Cursor Helper (Plugin)"},{"pid":36940,"name":"Cursor Helper (Plugin)"},{"pid":37387,"name":"Python"},{"pid":37388,"name":"Python"},{"pid":37389,"name":"Python"},{"pid":49726,"name":"Cursor Helper (GPU)"},{"pid":49727,"name":"Cursor Helper"},{"pid":49869,"name":"Cursor Helper"},{"pid":49876,"name":"Cursor Helper"}]}]
2024-12-17 07:24:53,672 - engineio.server - INFO - MQ09rdG3E2QoLxTXAAAH: Received packet MESSAGE data 1/services-monitor,
2024-12-17 07:24:53,673 - engineio.server - INFO - PuUDhS2_W6UIvpL5AAAI: Received packet MESSAGE data 1/ip-fetcher,
2024-12-17 07:24:53,897 - socketio.server - INFO - emitting event "docker_status" to all [/docker-manager]
2024-12-17 07:24:53,899 - engineio.server - INFO - WIaClo0Ub-FtsHcdAAAL: Sending packet OPEN data {'sid': 'WIaClo0Ub-FtsHcdAAAL', 'upgrades': [], 'pingTimeout': 60000, 'pingInterval': 25000}
2024-12-17 07:24:53,900 - engineio.server - INFO - WIaClo0Ub-FtsHcdAAAL: Received request to upgrade to websocket
2024-12-17 07:24:53,900 - engineio.server - INFO - WIaClo0Ub-FtsHcdAAAL: Upgrade to websocket successful
2024-12-17 07:24:53,900 - engineio.server - INFO - 95CzbOgrmAmLJwWxAAAM: Sending packet OPEN data {'sid': '95CzbOgrmAmLJwWxAAAM', 'upgrades': [], 'pingTimeout': 60000, 'pingInterval': 25000}
2024-12-17 07:24:53,900 - engineio.server - INFO - 95CzbOgrmAmLJwWxAAAM: Received request to upgrade to websocket
2024-12-17 07:24:53,900 - engineio.server - INFO - 95CzbOgrmAmLJwWxAAAM: Upgrade to websocket successful
2024-12-17 07:24:53,901 - engineio.server - INFO - WIaClo0Ub-FtsHcdAAAL: Received packet MESSAGE data 0/docker-manager,
2024-12-17 07:24:53,902 - engineio.server - INFO - WIaClo0Ub-FtsHcdAAAL: Sending packet MESSAGE data 0/docker-manager,{"sid":"N3Pk3luxzqm-WAlOAAAN"}
2024-12-17 07:24:54,114 - socketio.server - INFO - emitting event "docker_status" to all [/docker-manager]
2024-12-17 07:24:54,115 - engineio.server - INFO - WIaClo0Ub-FtsHcdAAAL: Sending packet MESSAGE data 2/docker-manager,["docker_status",{"isInstalled":true,"isRunning":false,"error":"Docker daemon is not running"}]
2024-12-17 07:24:54,334 - socketio.server - INFO - emitting event "docker_status" to all [/docker-manager]
2024-12-17 07:24:54,335 - engineio.server - INFO - WIaClo0Ub-FtsHcdAAAL: Sending packet MESSAGE data 2/docker-manager,["docker_status",{"isInstalled":true,"isRunning":false,"error":"Docker daemon is not running"}]
2024-12-17 07:24:54,335 - engineio.server - INFO - 95CzbOgrmAmLJwWxAAAM: Received packet MESSAGE data 0/docker-manager,
2024-12-17 07:24:54,335 - engineio.server - INFO - 95CzbOgrmAmLJwWxAAAM: Sending packet MESSAGE data 0/docker-manager,{"sid":"VVfaWKeDqbuj3-_nAAAO"}
2024-12-17 07:24:54,552 - socketio.server - INFO - emitting event "docker_status" to all [/docker-manager]
2024-12-17 07:24:54,553 - engineio.server - INFO - WIaClo0Ub-FtsHcdAAAL: Sending packet MESSAGE data 2/docker-manager,["docker_status",{"isInstalled":true,"isRunning":false,"error":"Docker daemon is not running"}]
2024-12-17 07:24:54,553 - engineio.server - INFO - 95CzbOgrmAmLJwWxAAAM: Sending packet MESSAGE data 2/docker-manager,["docker_status",{"isInstalled":true,"isRunning":false,"error":"Docker daemon is not running"}]
2024-12-17 07:24:58,291 - engineio.server - INFO - aLAdTfz7m3YthCm9AAAA: Sending packet PING data None
2024-12-17 07:24:58,296 - engineio.server - INFO - aLAdTfz7m3YthCm9AAAA: Received packet PONG data 
2024-12-17 07:25:18,902 - engineio.server - INFO - WIaClo0Ub-FtsHcdAAAL: Sending packet PING data None
2024-12-17 07:25:18,902 - engineio.server - INFO - 95CzbOgrmAmLJwWxAAAM: Sending packet PING data None
2024-12-17 07:25:18,904 - engineio.server - INFO - WIaClo0Ub-FtsHcdAAAL: Received packet PONG data 
2024-12-17 07:25:18,905 - engineio.server - INFO - 95CzbOgrmAmLJwWxAAAM: Received packet PONG data 
2024-12-27 19:17:50,371 - engineio.server - INFO - Server initialized for eventlet.
2024-12-27 19:17:50,727 - backend - DEBUG - Serving path: 
2024-12-27 19:17:50,727 - backend - DEBUG - Serving index.html from dist for root path
2024-12-27 19:17:50,727 - backend - ERROR - Error serving file: [Errno 2] No such file or directory: '/Users/jacobolsen/Documents/Code Projects/Repositories/Tak-Manager/dist/index.html'
2024-12-27 19:17:51,240 - backend - DEBUG - Serving path: 
2024-12-27 19:17:51,240 - backend - DEBUG - Serving index.html from dist for root path
2024-12-27 19:17:51,241 - backend - ERROR - Error serving file: [Errno 2] No such file or directory: '/Users/jacobolsen/Documents/Code Projects/Repositories/Tak-Manager/dist/index.html'
2024-12-27 19:17:51,747 - backend - DEBUG - Serving path: 
2024-12-27 19:17:51,747 - backend - DEBUG - Serving index.html from dist for root path
2024-12-27 19:17:51,747 - backend - ERROR - Error serving file: [Errno 2] No such file or directory: '/Users/jacobolsen/Documents/Code Projects/Repositories/Tak-Manager/dist/index.html'
2024-12-27 19:17:52,256 - backend - DEBUG - Serving path: 
2024-12-27 19:17:52,256 - backend - DEBUG - Serving index.html from dist for root path
2024-12-27 19:17:52,256 - backend - ERROR - Error serving file: [Errno 2] No such file or directory: '/Users/jacobolsen/Documents/Code Projects/Repositories/Tak-Manager/dist/index.html'
2024-12-27 19:17:52,765 - backend - DEBUG - Serving path: 
2024-12-27 19:17:52,765 - backend - DEBUG - Serving index.html from dist for root path
2024-12-27 19:17:52,765 - backend - ERROR - Error serving file: [Errno 2] No such file or directory: '/Users/jacobolsen/Documents/Code Projects/Repositories/Tak-Manager/dist/index.html'
2024-12-27 19:17:53,273 - backend - DEBUG - Serving path: 
2024-12-27 19:17:53,273 - backend - DEBUG - Serving index.html from dist for root path
2024-12-27 19:17:53,273 - backend - ERROR - Error serving file: [Errno 2] No such file or directory: '/Users/jacobolsen/Documents/Code Projects/Repositories/Tak-Manager/dist/index.html'
2024-12-27 19:17:53,785 - backend - DEBUG - Serving path: 
2024-12-27 19:17:53,786 - backend - DEBUG - Serving index.html from dist for root path
2024-12-27 19:17:53,786 - backend - ERROR - Error serving file: [Errno 2] No such file or directory: '/Users/jacobolsen/Documents/Code Projects/Repositories/Tak-Manager/dist/index.html'
2024-12-27 19:17:54,299 - backend - DEBUG - Serving path: 
2024-12-27 19:17:54,299 - backend - DEBUG - Serving index.html from dist for root path
2024-12-27 19:17:54,299 - backend - ERROR - Error serving file: [Errno 2] No such file or directory: '/Users/jacobolsen/Documents/Code Projects/Repositories/Tak-Manager/dist/index.html'
2024-12-27 19:18:15,251 - engineio.server - INFO - Server initialized for eventlet.
2024-12-27 19:18:15,605 - backend - DEBUG - Serving path: 
2024-12-27 19:18:15,605 - backend - DEBUG - Serving index.html from dist for root path
2024-12-27 19:18:19,148 - backend - DEBUG - Serving path: 
2024-12-27 19:18:19,150 - backend - DEBUG - Serving index.html from dist for root path
2024-12-27 19:18:19,534 - engineio.server - INFO - H48VrmnAtaESrAh6AAAA: Sending packet OPEN data {'sid': 'H48VrmnAtaESrAh6AAAA', 'upgrades': [], 'pingTimeout': 60000, 'pingInterval': 25000}
2024-12-27 19:18:19,534 - engineio.server - INFO - H48VrmnAtaESrAh6AAAA: Received request to upgrade to websocket
2024-12-27 19:18:19,534 - engineio.server - INFO - H48VrmnAtaESrAh6AAAA: Upgrade to websocket successful
2024-12-27 19:18:19,544 - engineio.server - INFO - H48VrmnAtaESrAh6AAAA: Received packet MESSAGE data 0/docker-manager,
2024-12-27 19:18:19,544 - engineio.server - INFO - H48VrmnAtaESrAh6AAAA: Sending packet MESSAGE data 0/docker-manager,{"sid":"vEc03dNqWPKP6MILAAAB"}
2024-12-27 19:18:19,765 - socketio.server - INFO - emitting event "docker_status" to all [/docker-manager]
2024-12-27 19:18:19,765 - engineio.server - INFO - H48VrmnAtaESrAh6AAAA: Sending packet MESSAGE data 2/docker-manager,["docker_status",{"isInstalled":true,"isRunning":true,"error":null}]
2024-12-27 19:18:19,791 - socketio.server - INFO - emitting event "containers" to all [/docker-manager]
2024-12-27 19:18:19,791 - engineio.server - INFO - H48VrmnAtaESrAh6AAAA: Sending packet MESSAGE data 2/docker-manager,["containers",{"containers":[{"name":"tak-manager-frontend","status":"Exited (1) 5 hours ago"},{"name":"tak-manager-backend","status":"Exited (0) 5 hours ago"},{"name":"snake-frontend-1","status":"Exited (143) 20 hours ago"},{"name":"snake-backend-1","status":"Exited (0) 20 hours ago"},{"name":"tak-database-5.2-release-43","status":"Up 7 hours"},{"name":"takserver-5.2-release-43","status":"Up 7 hours"},{"name":"buildx_buildkit_heuristic_snyder0","status":"Up 7 hours"}]}]
2024-12-27 19:18:19,792 - engineio.server - INFO - H48VrmnAtaESrAh6AAAA: Received packet MESSAGE data 0/takserver-status,
2024-12-27 19:18:19,792 - engineio.server - INFO - H48VrmnAtaESrAh6AAAA: Sending packet MESSAGE data 0/takserver-status,{"sid":"WK8kAmzTTkDvr1TeAAAC"}
2024-12-27 19:18:19,792 - engineio.server - INFO - H48VrmnAtaESrAh6AAAA: Received packet MESSAGE data 0/takserver-installer,
2024-12-27 19:18:19,792 - engineio.server - INFO - H48VrmnAtaESrAh6AAAA: Sending packet MESSAGE data 0/takserver-installer,{"sid":"XEPP33KY8AIziXAIAAAD"}
2024-12-27 19:18:19,792 - engineio.server - INFO - H48VrmnAtaESrAh6AAAA: Received packet MESSAGE data 0/takserver-uninstall,
2024-12-27 19:18:19,792 - engineio.server - INFO - H48VrmnAtaESrAh6AAAA: Sending packet MESSAGE data 0/takserver-uninstall,{"sid":"EfbZdqYPd-EDholIAAAE"}
2024-12-27 19:18:19,792 - engineio.server - INFO - H48VrmnAtaESrAh6AAAA: Received packet MESSAGE data 0/ota-update,
2024-12-27 19:18:19,793 - engineio.server - INFO - H48VrmnAtaESrAh6AAAA: Sending packet MESSAGE data 0/ota-update,{"sid":"qZDeQ8abiZjn_dWbAAAF"}
2024-12-27 19:18:19,793 - socketio.server - INFO - emitting event "operation_status" to all [/ota-update]
2024-12-27 19:18:19,793 - engineio.server - INFO - H48VrmnAtaESrAh6AAAA: Sending packet MESSAGE data 2/ota-update,["operation_status",{"operation":"ota_update","status":"complete","message":"OTA update complete","details":{"isUpdating":false,"updateComplete":true,"updateSuccess":true,"updateError":null}}]
2024-12-27 19:18:19,793 - engineio.server - INFO - H48VrmnAtaESrAh6AAAA: Received packet MESSAGE data 0/ip-fetcher,
2024-12-27 19:18:19,793 - engineio.server - INFO - H48VrmnAtaESrAh6AAAA: Sending packet MESSAGE data 0/ip-fetcher,{"sid":"jhPIaVBU28mkZ9GyAAAG"}
2024-12-27 19:18:19,793 - engineio.server - INFO - H48VrmnAtaESrAh6AAAA: Received packet MESSAGE data 0/services-monitor,
2024-12-27 19:18:19,793 - engineio.server - INFO - H48VrmnAtaESrAh6AAAA: Sending packet MESSAGE data 0/services-monitor,{"sid":"RbhfGv8OfGxLkqyNAAAH"}
2024-12-27 19:18:19,793 - engineio.server - INFO - H48VrmnAtaESrAh6AAAA: Received packet MESSAGE data 0/cert-manager,
2024-12-27 19:18:19,793 - engineio.server - INFO - H48VrmnAtaESrAh6AAAA: Sending packet MESSAGE data 0/cert-manager,{"sid":"uAgl8oevnt3qKGxAAAAI"}
2024-12-27 19:18:19,880 - socketio.server - INFO - emitting event "takserver_status" to all [/takserver-status]
2024-12-27 19:18:19,880 - engineio.server - INFO - H48VrmnAtaESrAh6AAAA: Sending packet MESSAGE data 2/takserver-status,["takserver_status",{"isInstalled":true,"isRunning":true,"dockerRunning":true,"version":"5.2-release-43","error":null,"isStarting":false,"isStopping":false,"isRestarting":false,"isUninstalling":false}]
2024-12-27 19:18:19,881 - socketio.server - INFO - emitting event "operation_status" to all [/ota-update]
2024-12-27 19:18:19,881 - engineio.server - INFO - H48VrmnAtaESrAh6AAAA: Sending packet MESSAGE data 2/ota-update,["operation_status",{"operation":"ota_update","status":"complete","message":"OTA update complete","details":{"isUpdating":false,"updateComplete":true,"updateSuccess":true,"updateError":null}}]
2024-12-27 19:18:19,887 - socketio.server - INFO - emitting event "initial_state" to all [/ip-fetcher]
2024-12-27 19:18:19,887 - engineio.server - INFO - H48VrmnAtaESrAh6AAAA: Sending packet MESSAGE data 2/ip-fetcher,["initial_state",{"ip_address":"10.11.11.118","network":{"upload":0.28,"download":0.29,"total":0.57}}]
2024-12-27 19:18:19,887 - socketio.server - INFO - emitting event "network_metrics" to all [/ip-fetcher]
2024-12-27 19:18:19,887 - engineio.server - INFO - H48VrmnAtaESrAh6AAAA: Sending packet MESSAGE data 2/ip-fetcher,["network_metrics",{"ip_address":"10.11.11.118","network":{"upload":0.28,"download":0.29,"total":0.57}}]
2024-12-27 19:18:19,892 - socketio.server - INFO - emitting event "network_metrics" to all [/ip-fetcher]
2024-12-27 19:18:19,892 - engineio.server - INFO - H48VrmnAtaESrAh6AAAA: Sending packet MESSAGE data 2/ip-fetcher,["network_metrics",{"ip_address":"10.11.11.118","network":{"upload":0.0,"download":0.0,"total":0.0}}]
2024-12-27 19:18:19,959 - socketio.server - INFO - emitting event "initial_state" to all [/services-monitor]
2024-12-27 19:18:19,959 - engineio.server - INFO - H48VrmnAtaESrAh6AAAA: Sending packet MESSAGE data 2/services-monitor,["initial_state",{"cpu_usage":11.9,"ram_usage":56.8,"services":[{"pid":1369,"name":"adb"},{"pid":1507,"name":"systemstats"},{"pid":13106,"name":"Signal Helper (GPU)"},{"pid":13107,"name":"Signal Helper"},{"pid":13108,"name":"Signal Helper (Renderer)"},{"pid":13392,"name":"Signal Helper"},{"pid":65458,"name":"com.docker.backend"},{"pid":65481,"name":"com.docker.dev-envs"},{"pid":65482,"name":"com.docker.build"},{"pid":65484,"name":"Docker Desktop"},{"pid":65487,"name":"com.docker.virtualization"},{"pid":65563,"name":"Docker Desktop Helper (GPU)"},{"pid":65573,"name":"Docker Desktop Helper"},{"pid":65721,"name":"Docker Desktop Helper (Renderer)"},{"pid":79029,"name":"Cursor Helper (GPU)"},{"pid":79030,"name":"Cursor Helper"},{"pid":79031,"name":"Cursor Helper (Renderer)"},{"pid":79167,"name":"Cursor Helper"},{"pid":79168,"name":"Cursor Helper"},{"pid":79169,"name":"Cursor Helper (Plugin): extension-host [1-1]"},{"pid":79170,"name":"Cursor Helper"},{"pid":79274,"name":"pet"},{"pid":79320,"name":"Cursor Helper (Plugin)"},{"pid":79330,"name":"zsh"},{"pid":79553,"name":"zsh"},{"pid":79718,"name":"Cursor Helper (Plugin)"},{"pid":79719,"name":"Cursor Helper (Plugin)"},{"pid":79723,"name":"Cursor Helper (Plugin)"},{"pid":79745,"name":"Cursor Helper (Plugin)"},{"pid":79892,"name":"zsh"},{"pid":80054,"name":"bash"},{"pid":80065,"name":"zsh"},{"pid":80472,"name":"Cursor Helper (Plugin)"},{"pid":80473,"name":"Cursor Helper (Plugin)"},{"pid":80726,"name":"Python"},{"pid":80727,"name":"Python"},{"pid":80728,"name":"Python"}]}]
2024-12-27 19:18:19,961 - socketio.server - INFO - emitting event "operation_status" to all [/cert-manager]
2024-12-27 19:18:19,961 - engineio.server - INFO - H48VrmnAtaESrAh6AAAA: Sending packet MESSAGE data 2/cert-manager,["operation_status",{"operation":"fetch","status":"started","message":"Fetching registered certificates"}]
2024-12-27 19:18:19,962 - socketio.server - INFO - emitting event "initial_state" to all [/cert-manager]
2024-12-27 19:18:19,962 - engineio.server - INFO - H48VrmnAtaESrAh6AAAA: Sending packet MESSAGE data 2/cert-manager,["initial_state",{"certificates":[{"identifier":"Jake","passwordHashed":false,"role":"ROLE_ADMIN","groups":["__ANON__"]},{"identifier":"Test","passwordHashed":false,"role":"ROLE_ADMIN","groups":["__ANON__","Delta"]}]}]
2024-12-27 19:18:19,962 - socketio.server - INFO - emitting event "certificates_data" to all [/cert-manager]
2024-12-27 19:18:19,962 - engineio.server - INFO - H48VrmnAtaESrAh6AAAA: Sending packet MESSAGE data 2/cert-manager,["certificates_data",{"certificates":[{"identifier":"Jake","passwordHashed":false,"role":"ROLE_ADMIN","groups":["__ANON__"]},{"identifier":"Test","passwordHashed":false,"role":"ROLE_ADMIN","groups":["__ANON__","Delta"]}]}]
2024-12-27 19:18:19,962 - socketio.server - INFO - emitting event "operation_status" to all [/cert-manager]
2024-12-27 19:18:19,962 - engineio.server - INFO - H48VrmnAtaESrAh6AAAA: Sending packet MESSAGE data 2/cert-manager,["operation_status",{"operation":"fetch","status":"complete","message":"Successfully fetched registered certificates","details":{"total":2}}]
2024-12-27 19:18:19,962 - socketio.server - INFO - emitting event "certificates_data" to all [/cert-manager]
2024-12-27 19:18:19,962 - engineio.server - INFO - H48VrmnAtaESrAh6AAAA: Sending packet MESSAGE data 2/cert-manager,["certificates_data",{"certificates":[{"identifier":"Jake","passwordHashed":false,"role":"ROLE_ADMIN","groups":["__ANON__"]},{"identifier":"Test","passwordHashed":false,"role":"ROLE_ADMIN","groups":["__ANON__","Delta"]}]}]
2024-12-27 19:18:19,962 - engineio.server - INFO - H48VrmnAtaESrAh6AAAA: Received packet MESSAGE data 2/docker-manager,["request_initial_state"]
2024-12-27 19:18:19,962 - socketio.server - INFO - received event "request_initial_state" from vEc03dNqWPKP6MILAAAB [/docker-manager]
2024-12-27 19:18:19,962 - engineio.server - INFO - H48VrmnAtaESrAh6AAAA: Received packet MESSAGE data 2/takserver-status,["request_initial_state"]
2024-12-27 19:18:19,962 - socketio.server - INFO - received event "request_initial_state" from WK8kAmzTTkDvr1TeAAAC [/takserver-status]
2024-12-27 19:18:19,962 - engineio.server - INFO - H48VrmnAtaESrAh6AAAA: Received packet MESSAGE data 2/takserver-status,["check_status"]
2024-12-27 19:18:19,963 - socketio.server - INFO - received event "check_status" from WK8kAmzTTkDvr1TeAAAC [/takserver-status]
2024-12-27 19:18:19,963 - engineio.server - INFO - H48VrmnAtaESrAh6AAAA: Received packet MESSAGE data 2/takserver-installer,["request_initial_state"]
2024-12-27 19:18:19,963 - socketio.server - INFO - received event "request_initial_state" from XEPP33KY8AIziXAIAAAD [/takserver-installer]
2024-12-27 19:18:19,963 - engineio.server - INFO - H48VrmnAtaESrAh6AAAA: Received packet MESSAGE data 2/takserver-uninstall,["request_initial_state"]
2024-12-27 19:18:19,963 - socketio.server - INFO - received event "request_initial_state" from EfbZdqYPd-EDholIAAAE [/takserver-uninstall]
2024-12-27 19:18:19,963 - engineio.server - INFO - H48VrmnAtaESrAh6AAAA: Received packet MESSAGE data 2/ota-update,["request_initial_state"]
2024-12-27 19:18:19,963 - socketio.server - INFO - received event "request_initial_state" from qZDeQ8abiZjn_dWbAAAF [/ota-update]
2024-12-27 19:18:19,963 - engineio.server - INFO - H48VrmnAtaESrAh6AAAA: Received packet MESSAGE data 2/ip-fetcher,["request_initial_state"]
2024-12-27 19:18:19,963 - socketio.server - INFO - received event "request_initial_state" from jhPIaVBU28mkZ9GyAAAG [/ip-fetcher]
2024-12-27 19:18:19,963 - engineio.server - INFO - H48VrmnAtaESrAh6AAAA: Received packet MESSAGE data 2/services-monitor,["request_initial_state"]
2024-12-27 19:18:19,963 - socketio.server - INFO - received event "request_initial_state" from RbhfGv8OfGxLkqyNAAAH [/services-monitor]
2024-12-27 19:18:19,963 - engineio.server - INFO - H48VrmnAtaESrAh6AAAA: Received packet MESSAGE data 2/cert-manager,["request_initial_state"]
2024-12-27 19:18:19,963 - socketio.server - INFO - received event "request_initial_state" from uAgl8oevnt3qKGxAAAAI [/cert-manager]
2024-12-27 19:18:20,057 - socketio.server - INFO - emitting event "initial_state" to all [/docker-manager]
2024-12-27 19:18:20,058 - engineio.server - INFO - H48VrmnAtaESrAh6AAAA: Sending packet MESSAGE data 2/docker-manager,["initial_state",{"isInstalled":true,"isRunning":true,"containers":[{"name":"tak-manager-frontend","status":"Exited (1) 5 hours ago"},{"name":"tak-manager-backend","status":"Exited (0) 5 hours ago"},{"name":"snake-frontend-1","status":"Exited (143) 20 hours ago"},{"name":"snake-backend-1","status":"Exited (0) 20 hours ago"},{"name":"tak-database-5.2-release-43","status":"Up 7 hours"},{"name":"takserver-5.2-release-43","status":"Up 7 hours"},{"name":"buildx_buildkit_heuristic_snyder0","status":"Up 7 hours"}],"error":null}]
2024-12-27 19:18:20,141 - socketio.server - INFO - emitting event "takserver_status" to all [/takserver-status]
2024-12-27 19:18:20,141 - engineio.server - INFO - H48VrmnAtaESrAh6AAAA: Sending packet MESSAGE data 2/takserver-status,["takserver_status",{"isInstalled":true,"isRunning":true,"dockerRunning":true,"version":"5.2-release-43","error":null,"isStarting":false,"isStopping":false,"isRestarting":false,"isUninstalling":false}]
2024-12-27 19:18:20,227 - socketio.server - INFO - emitting event "takserver_status" to all [/takserver-status]
2024-12-27 19:18:20,227 - engineio.server - INFO - H48VrmnAtaESrAh6AAAA: Sending packet MESSAGE data 2/takserver-status,["takserver_status",{"isInstalled":true,"isRunning":true,"dockerRunning":true,"version":"5.2-release-43","error":null,"isStarting":false,"isStopping":false,"isRestarting":false,"isUninstalling":false}]
2024-12-27 19:18:20,227 - socketio.server - INFO - emitting event "terminal_output" to all [//docker-manager]
2024-12-27 19:18:20,236 - socketio.server - INFO - emitting event "terminal_output" to all [//docker-manager]
2024-12-27 19:18:20,237 - socketio.server - INFO - emitting event "operation_status" to all [/takserver-uninstall]
2024-12-27 19:18:20,237 - engineio.server - INFO - H48VrmnAtaESrAh6AAAA: Sending packet MESSAGE data 2/takserver-uninstall,["operation_status",{"operation":"uninstall","status":"initial","message":"Ready for uninstallation","details":{"isUninstalling":false,"uninstallComplete":false,"uninstallSuccess":false,"uninstallError":null,"status":null,"operationInProgress":false,"progress":0},"progress":0}]
2024-12-27 19:18:20,237 - socketio.server - INFO - emitting event "operation_status" to all [/ota-update]
2024-12-27 19:18:20,237 - engineio.server - INFO - H48VrmnAtaESrAh6AAAA: Sending packet MESSAGE data 2/ota-update,["operation_status",{"operation":"ota_update","status":"initial","message":"Ready for update","details":{"isUpdating":false,"updateComplete":false,"updateSuccess":false,"updateError":null}}]
2024-12-27 19:18:20,242 - socketio.server - INFO - emitting event "initial_state" to all [/ip-fetcher]
2024-12-27 19:18:20,242 - engineio.server - INFO - H48VrmnAtaESrAh6AAAA: Sending packet MESSAGE data 2/ip-fetcher,["initial_state",{"ip_address":"10.11.11.118","network":{"upload":0.01,"download":0.01,"total":0.02}}]
2024-12-27 19:18:20,307 - socketio.server - INFO - emitting event "initial_state" to all [/services-monitor]
2024-12-27 19:18:20,308 - engineio.server - INFO - H48VrmnAtaESrAh6AAAA: Sending packet MESSAGE data 2/services-monitor,["initial_state",{"cpu_usage":0.0,"ram_usage":56.5,"services":[{"pid":1369,"name":"adb"},{"pid":1507,"name":"systemstats"},{"pid":13106,"name":"Signal Helper (GPU)"},{"pid":13107,"name":"Signal Helper"},{"pid":13108,"name":"Signal Helper (Renderer)"},{"pid":13392,"name":"Signal Helper"},{"pid":65458,"name":"com.docker.backend"},{"pid":65481,"name":"com.docker.dev-envs"},{"pid":65482,"name":"com.docker.build"},{"pid":65484,"name":"Docker Desktop"},{"pid":65487,"name":"com.docker.virtualization"},{"pid":65563,"name":"Docker Desktop Helper (GPU)"},{"pid":65573,"name":"Docker Desktop Helper"},{"pid":65721,"name":"Docker Desktop Helper (Renderer)"},{"pid":79029,"name":"Cursor Helper (GPU)"},{"pid":79030,"name":"Cursor Helper"},{"pid":79031,"name":"Cursor Helper (Renderer)"},{"pid":79167,"name":"Cursor Helper"},{"pid":79168,"name":"Cursor Helper"},{"pid":79169,"name":"Cursor Helper (Plugin): extension-host [1-1]"},{"pid":79170,"name":"Cursor Helper"},{"pid":79274,"name":"pet"},{"pid":79320,"name":"Cursor Helper (Plugin)"},{"pid":79330,"name":"zsh"},{"pid":79553,"name":"zsh"},{"pid":79718,"name":"Cursor Helper (Plugin)"},{"pid":79719,"name":"Cursor Helper (Plugin)"},{"pid":79723,"name":"Cursor Helper (Plugin)"},{"pid":79745,"name":"Cursor Helper (Plugin)"},{"pid":79892,"name":"zsh"},{"pid":80054,"name":"bash"},{"pid":80065,"name":"zsh"},{"pid":80472,"name":"Cursor Helper (Plugin)"},{"pid":80473,"name":"Cursor Helper (Plugin)"},{"pid":80726,"name":"Python"},{"pid":80727,"name":"Python"},{"pid":80728,"name":"Python"}]}]
2024-12-27 19:18:20,308 - socketio.server - INFO - emitting event "operation_status" to all [/cert-manager]
2024-12-27 19:18:20,308 - engineio.server - INFO - H48VrmnAtaESrAh6AAAA: Sending packet MESSAGE data 2/cert-manager,["operation_status",{"operation":"fetch","status":"started","message":"Fetching registered certificates"}]
2024-12-27 19:18:20,308 - socketio.server - INFO - emitting event "initial_state" to all [/cert-manager]
2024-12-27 19:18:20,308 - engineio.server - INFO - H48VrmnAtaESrAh6AAAA: Sending packet MESSAGE data 2/cert-manager,["initial_state",{"certificates":[{"identifier":"Jake","passwordHashed":false,"role":"ROLE_ADMIN","groups":["__ANON__"]},{"identifier":"Test","passwordHashed":false,"role":"ROLE_ADMIN","groups":["__ANON__","Delta"]}]}]
2024-12-27 19:18:20,308 - socketio.server - INFO - emitting event "certificates_data" to all [/cert-manager]
2024-12-27 19:18:20,308 - engineio.server - INFO - H48VrmnAtaESrAh6AAAA: Sending packet MESSAGE data 2/cert-manager,["certificates_data",{"certificates":[{"identifier":"Jake","passwordHashed":false,"role":"ROLE_ADMIN","groups":["__ANON__"]},{"identifier":"Test","passwordHashed":false,"role":"ROLE_ADMIN","groups":["__ANON__","Delta"]}]}]
2024-12-27 19:18:20,308 - socketio.server - INFO - emitting event "operation_status" to all [/cert-manager]
2024-12-27 19:18:20,308 - engineio.server - INFO - H48VrmnAtaESrAh6AAAA: Sending packet MESSAGE data 2/cert-manager,["operation_status",{"operation":"fetch","status":"complete","message":"Successfully fetched registered certificates","details":{"total":2}}]
2024-12-27 19:18:20,308 - socketio.server - INFO - emitting event "initial_state" to all [/cert-manager]
2024-12-27 19:18:20,308 - engineio.server - INFO - H48VrmnAtaESrAh6AAAA: Sending packet MESSAGE data 2/cert-manager,["initial_state",{"certificates":[{"identifier":"Jake","passwordHashed":false,"role":"ROLE_ADMIN","groups":["__ANON__"]},{"identifier":"Test","passwordHashed":false,"role":"ROLE_ADMIN","groups":["__ANON__","Delta"]}]}]
2024-12-27 19:18:20,308 - socketio.server - INFO - emitting event "certificates_data" to all [/cert-manager]
2024-12-27 19:18:20,308 - engineio.server - INFO - H48VrmnAtaESrAh6AAAA: Sending packet MESSAGE data 2/cert-manager,["certificates_data",{"certificates":[{"identifier":"Jake","passwordHashed":false,"role":"ROLE_ADMIN","groups":["__ANON__"]},{"identifier":"Test","passwordHashed":false,"role":"ROLE_ADMIN","groups":["__ANON__","Delta"]}]}]
2024-12-27 19:18:20,309 - socketio.server - INFO - emitting event "cpu_usage" to all [/services-monitor]
2024-12-27 19:18:20,309 - engineio.server - INFO - H48VrmnAtaESrAh6AAAA: Sending packet MESSAGE data 2/services-monitor,["cpu_usage",{"cpu_usage":11.9}]
2024-12-27 19:18:20,309 - socketio.server - INFO - emitting event "terminal_output" to all [//docker-manager]
2024-12-27 19:18:20,309 - socketio.server - INFO - emitting event "operation_status" to all [/takserver-installer]
2024-12-27 19:18:20,309 - engineio.server - INFO - H48VrmnAtaESrAh6AAAA: Sending packet MESSAGE data 2/takserver-installer,["operation_status",{"operation":"install","status":"initial","message":"Ready for installation","details":{"isInstalling":false,"installationComplete":false,"installationSuccess":false,"installationError":null,"isRollingBack":false,"isStoppingInstallation":false,"status":null,"operationInProgress":false,"dockerInstalled":false,"progress":0},"progress":0}]
2024-12-27 19:18:20,410 - socketio.server - INFO - emitting event "ram_usage" to all [/services-monitor]
2024-12-27 19:18:20,410 - engineio.server - INFO - H48VrmnAtaESrAh6AAAA: Sending packet MESSAGE data 2/services-monitor,["ram_usage",{"ram_usage":56.8}]
2024-12-27 19:18:20,511 - socketio.server - INFO - emitting event "services" to all [/services-monitor]
2024-12-27 19:18:20,511 - engineio.server - INFO - H48VrmnAtaESrAh6AAAA: Sending packet MESSAGE data 2/services-monitor,["services",{"services":[{"pid":1369,"name":"adb"},{"pid":1507,"name":"systemstats"},{"pid":13106,"name":"Signal Helper (GPU)"},{"pid":13107,"name":"Signal Helper"},{"pid":13108,"name":"Signal Helper (Renderer)"},{"pid":13392,"name":"Signal Helper"},{"pid":65458,"name":"com.docker.backend"},{"pid":65481,"name":"com.docker.dev-envs"},{"pid":65482,"name":"com.docker.build"},{"pid":65484,"name":"Docker Desktop"},{"pid":65487,"name":"com.docker.virtualization"},{"pid":65563,"name":"Docker Desktop Helper (GPU)"},{"pid":65573,"name":"Docker Desktop Helper"},{"pid":65721,"name":"Docker Desktop Helper (Renderer)"},{"pid":79029,"name":"Cursor Helper (GPU)"},{"pid":79030,"name":"Cursor Helper"},{"pid":79031,"name":"Cursor Helper (Renderer)"},{"pid":79167,"name":"Cursor Helper"},{"pid":79168,"name":"Cursor Helper"},{"pid":79169,"name":"Cursor Helper (Plugin): extension-host [1-1]"},{"pid":79170,"name":"Cursor Helper"},{"pid":79274,"name":"pet"},{"pid":79320,"name":"Cursor Helper (Plugin)"},{"pid":79330,"name":"zsh"},{"pid":79553,"name":"zsh"},{"pid":79718,"name":"Cursor Helper (Plugin)"},{"pid":79719,"name":"Cursor Helper (Plugin)"},{"pid":79723,"name":"Cursor Helper (Plugin)"},{"pid":79745,"name":"Cursor Helper (Plugin)"},{"pid":79892,"name":"zsh"},{"pid":80054,"name":"bash"},{"pid":80065,"name":"zsh"},{"pid":80472,"name":"Cursor Helper (Plugin)"},{"pid":80473,"name":"Cursor Helper (Plugin)"},{"pid":80726,"name":"Python"},{"pid":80727,"name":"Python"},{"pid":80728,"name":"Python"}]}]
2024-12-27 19:18:20,695 - socketio.server - INFO - emitting event "cpu_usage" to all [/services-monitor]
2024-12-27 19:18:20,695 - engineio.server - INFO - H48VrmnAtaESrAh6AAAA: Sending packet MESSAGE data 2/services-monitor,["cpu_usage",{"cpu_usage":0.0}]
2024-12-27 19:18:20,796 - socketio.server - INFO - emitting event "ram_usage" to all [/services-monitor]
2024-12-27 19:18:20,797 - engineio.server - INFO - H48VrmnAtaESrAh6AAAA: Sending packet MESSAGE data 2/services-monitor,["ram_usage",{"ram_usage":56.7}]
2024-12-27 19:18:20,898 - socketio.server - INFO - emitting event "services" to all [/services-monitor]
2024-12-27 19:18:20,898 - engineio.server - INFO - H48VrmnAtaESrAh6AAAA: Sending packet MESSAGE data 2/services-monitor,["services",{"services":[{"pid":1369,"name":"adb"},{"pid":1507,"name":"systemstats"},{"pid":13106,"name":"Signal Helper (GPU)"},{"pid":13107,"name":"Signal Helper"},{"pid":13108,"name":"Signal Helper (Renderer)"},{"pid":13392,"name":"Signal Helper"},{"pid":65458,"name":"com.docker.backend"},{"pid":65481,"name":"com.docker.dev-envs"},{"pid":65482,"name":"com.docker.build"},{"pid":65484,"name":"Docker Desktop"},{"pid":65487,"name":"com.docker.virtualization"},{"pid":65563,"name":"Docker Desktop Helper (GPU)"},{"pid":65573,"name":"Docker Desktop Helper"},{"pid":65721,"name":"Docker Desktop Helper (Renderer)"},{"pid":79029,"name":"Cursor Helper (GPU)"},{"pid":79030,"name":"Cursor Helper"},{"pid":79031,"name":"Cursor Helper (Renderer)"},{"pid":79167,"name":"Cursor Helper"},{"pid":79168,"name":"Cursor Helper"},{"pid":79169,"name":"Cursor Helper (Plugin): extension-host [1-1]"},{"pid":79170,"name":"Cursor Helper"},{"pid":79274,"name":"pet"},{"pid":79320,"name":"Cursor Helper (Plugin)"},{"pid":79330,"name":"zsh"},{"pid":79553,"name":"zsh"},{"pid":79718,"name":"Cursor Helper (Plugin)"},{"pid":79719,"name":"Cursor Helper (Plugin)"},{"pid":79723,"name":"Cursor Helper (Plugin)"},{"pid":79745,"name":"Cursor Helper (Plugin)"},{"pid":79892,"name":"zsh"},{"pid":80054,"name":"bash"},{"pid":80065,"name":"zsh"},{"pid":80472,"name":"Cursor Helper (Plugin)"},{"pid":80473,"name":"Cursor Helper (Plugin)"},{"pid":80726,"name":"Python"},{"pid":80727,"name":"Python"},{"pid":80728,"name":"Python"}]}]
2024-12-27 19:18:22,009 - socketio.server - INFO - emitting event "network_metrics" to all [/ip-fetcher]
2024-12-27 19:18:22,009 - engineio.server - INFO - H48VrmnAtaESrAh6AAAA: Sending packet MESSAGE data 2/ip-fetcher,["network_metrics",{"ip_address":"10.11.11.118","network":{"upload":0.0,"download":0.0,"total":0.01}}]
2024-12-27 19:18:22,794 - socketio.server - INFO - emitting event "cpu_usage" to all [/services-monitor]
2024-12-27 19:18:22,794 - engineio.server - INFO - H48VrmnAtaESrAh6AAAA: Sending packet MESSAGE data 2/services-monitor,["cpu_usage",{"cpu_usage":11.8}]
2024-12-27 19:18:22,895 - socketio.server - INFO - emitting event "ram_usage" to all [/services-monitor]
2024-12-27 19:18:22,895 - engineio.server - INFO - H48VrmnAtaESrAh6AAAA: Sending packet MESSAGE data 2/services-monitor,["ram_usage",{"ram_usage":56.6}]
2024-12-27 19:18:22,996 - socketio.server - INFO - emitting event "services" to all [/services-monitor]
2024-12-27 19:18:22,997 - engineio.server - INFO - H48VrmnAtaESrAh6AAAA: Sending packet MESSAGE data 2/services-monitor,["services",{"services":[{"pid":1369,"name":"adb"},{"pid":1507,"name":"systemstats"},{"pid":13106,"name":"Signal Helper (GPU)"},{"pid":13107,"name":"Signal Helper"},{"pid":13108,"name":"Signal Helper (Renderer)"},{"pid":13392,"name":"Signal Helper"},{"pid":65458,"name":"com.docker.backend"},{"pid":65481,"name":"com.docker.dev-envs"},{"pid":65482,"name":"com.docker.build"},{"pid":65484,"name":"Docker Desktop"},{"pid":65487,"name":"com.docker.virtualization"},{"pid":65563,"name":"Docker Desktop Helper (GPU)"},{"pid":65573,"name":"Docker Desktop Helper"},{"pid":65721,"name":"Docker Desktop Helper (Renderer)"},{"pid":79029,"name":"Cursor Helper (GPU)"},{"pid":79030,"name":"Cursor Helper"},{"pid":79031,"name":"Cursor Helper (Renderer)"},{"pid":79167,"name":"Cursor Helper"},{"pid":79168,"name":"Cursor Helper"},{"pid":79169,"name":"Cursor Helper (Plugin): extension-host [1-1]"},{"pid":79170,"name":"Cursor Helper"},{"pid":79274,"name":"pet"},{"pid":79320,"name":"Cursor Helper (Plugin)"},{"pid":79330,"name":"zsh"},{"pid":79553,"name":"zsh"},{"pid":79718,"name":"Cursor Helper (Plugin)"},{"pid":79719,"name":"Cursor Helper (Plugin)"},{"pid":79723,"name":"Cursor Helper (Plugin)"},{"pid":79745,"name":"Cursor Helper (Plugin)"},{"pid":79892,"name":"zsh"},{"pid":80054,"name":"bash"},{"pid":80065,"name":"zsh"},{"pid":80472,"name":"Cursor Helper (Plugin)"},{"pid":80473,"name":"Cursor Helper (Plugin)"},{"pid":80726,"name":"Python"},{"pid":80727,"name":"Python"},{"pid":80728,"name":"Python"}]}]
2024-12-27 19:18:24,112 - socketio.server - INFO - emitting event "network_metrics" to all [/ip-fetcher]
2024-12-27 19:18:24,113 - engineio.server - INFO - H48VrmnAtaESrAh6AAAA: Sending packet MESSAGE data 2/ip-fetcher,["network_metrics",{"ip_address":"10.11.11.118","network":{"upload":0.0,"download":0.01,"total":0.01}}]
2024-12-27 19:18:24,889 - socketio.server - INFO - emitting event "cpu_usage" to all [/services-monitor]
2024-12-27 19:18:24,890 - engineio.server - INFO - H48VrmnAtaESrAh6AAAA: Sending packet MESSAGE data 2/services-monitor,["cpu_usage",{"cpu_usage":10.1}]
2024-12-27 19:18:24,991 - socketio.server - INFO - emitting event "ram_usage" to all [/services-monitor]
2024-12-27 19:18:24,991 - engineio.server - INFO - H48VrmnAtaESrAh6AAAA: Sending packet MESSAGE data 2/services-monitor,["ram_usage",{"ram_usage":56.6}]
2024-12-27 19:18:25,092 - socketio.server - INFO - emitting event "services" to all [/services-monitor]
2024-12-27 19:18:25,092 - engineio.server - INFO - H48VrmnAtaESrAh6AAAA: Sending packet MESSAGE data 2/services-monitor,["services",{"services":[{"pid":1369,"name":"adb"},{"pid":1507,"name":"systemstats"},{"pid":13106,"name":"Signal Helper (GPU)"},{"pid":13107,"name":"Signal Helper"},{"pid":13108,"name":"Signal Helper (Renderer)"},{"pid":13392,"name":"Signal Helper"},{"pid":65458,"name":"com.docker.backend"},{"pid":65481,"name":"com.docker.dev-envs"},{"pid":65482,"name":"com.docker.build"},{"pid":65484,"name":"Docker Desktop"},{"pid":65487,"name":"com.docker.virtualization"},{"pid":65563,"name":"Docker Desktop Helper (GPU)"},{"pid":65573,"name":"Docker Desktop Helper"},{"pid":65721,"name":"Docker Desktop Helper (Renderer)"},{"pid":79029,"name":"Cursor Helper (GPU)"},{"pid":79030,"name":"Cursor Helper"},{"pid":79031,"name":"Cursor Helper (Renderer)"},{"pid":79167,"name":"Cursor Helper"},{"pid":79168,"name":"Cursor Helper"},{"pid":79169,"name":"Cursor Helper (Plugin): extension-host [1-1]"},{"pid":79170,"name":"Cursor Helper"},{"pid":79274,"name":"pet"},{"pid":79320,"name":"Cursor Helper (Plugin)"},{"pid":79330,"name":"zsh"},{"pid":79553,"name":"zsh"},{"pid":79718,"name":"Cursor Helper (Plugin)"},{"pid":79719,"name":"Cursor Helper (Plugin)"},{"pid":79723,"name":"Cursor Helper (Plugin)"},{"pid":79745,"name":"Cursor Helper (Plugin)"},{"pid":79892,"name":"zsh"},{"pid":80054,"name":"bash"},{"pid":80065,"name":"zsh"},{"pid":80472,"name":"Cursor Helper (Plugin)"},{"pid":80473,"name":"Cursor Helper (Plugin)"},{"pid":80726,"name":"Python"},{"pid":80727,"name":"Python"},{"pid":80728,"name":"Python"},{"pid":80826,"name":"docker"},{"pid":80827,"name":"docker"}]}]
2024-12-27 19:18:26,223 - socketio.server - INFO - emitting event "network_metrics" to all [/ip-fetcher]
2024-12-27 19:18:26,224 - engineio.server - INFO - H48VrmnAtaESrAh6AAAA: Sending packet MESSAGE data 2/ip-fetcher,["network_metrics",{"ip_address":"10.11.11.118","network":{"upload":0.0,"download":0.01,"total":0.01}}]
2024-12-27 19:18:26,994 - socketio.server - INFO - emitting event "cpu_usage" to all [/services-monitor]
2024-12-27 19:18:26,994 - engineio.server - INFO - H48VrmnAtaESrAh6AAAA: Sending packet MESSAGE data 2/services-monitor,["cpu_usage",{"cpu_usage":9.3}]
2024-12-27 19:18:27,095 - socketio.server - INFO - emitting event "ram_usage" to all [/services-monitor]
2024-12-27 19:18:27,096 - engineio.server - INFO - H48VrmnAtaESrAh6AAAA: Sending packet MESSAGE data 2/services-monitor,["ram_usage",{"ram_usage":56.6}]
2024-12-27 19:18:27,197 - socketio.server - INFO - emitting event "services" to all [/services-monitor]
2024-12-27 19:18:27,197 - engineio.server - INFO - H48VrmnAtaESrAh6AAAA: Sending packet MESSAGE data 2/services-monitor,["services",{"services":[{"pid":1369,"name":"adb"},{"pid":1507,"name":"systemstats"},{"pid":13106,"name":"Signal Helper (GPU)"},{"pid":13107,"name":"Signal Helper"},{"pid":13108,"name":"Signal Helper (Renderer)"},{"pid":13392,"name":"Signal Helper"},{"pid":65458,"name":"com.docker.backend"},{"pid":65481,"name":"com.docker.dev-envs"},{"pid":65482,"name":"com.docker.build"},{"pid":65484,"name":"Docker Desktop"},{"pid":65487,"name":"com.docker.virtualization"},{"pid":65563,"name":"Docker Desktop Helper (GPU)"},{"pid":65573,"name":"Docker Desktop Helper"},{"pid":65721,"name":"Docker Desktop Helper (Renderer)"},{"pid":79029,"name":"Cursor Helper (GPU)"},{"pid":79030,"name":"Cursor Helper"},{"pid":79031,"name":"Cursor Helper (Renderer)"},{"pid":79167,"name":"Cursor Helper"},{"pid":79168,"name":"Cursor Helper"},{"pid":79169,"name":"Cursor Helper (Plugin): extension-host [1-1]"},{"pid":79170,"name":"Cursor Helper"},{"pid":79274,"name":"pet"},{"pid":79320,"name":"Cursor Helper (Plugin)"},{"pid":79330,"name":"zsh"},{"pid":79553,"name":"zsh"},{"pid":79718,"name":"Cursor Helper (Plugin)"},{"pid":79719,"name":"Cursor Helper (Plugin)"},{"pid":79723,"name":"Cursor Helper (Plugin)"},{"pid":79745,"name":"Cursor Helper (Plugin)"},{"pid":79892,"name":"zsh"},{"pid":80054,"name":"bash"},{"pid":80065,"name":"zsh"},{"pid":80472,"name":"Cursor Helper (Plugin)"},{"pid":80473,"name":"Cursor Helper (Plugin)"},{"pid":80726,"name":"Python"},{"pid":80727,"name":"Python"},{"pid":80728,"name":"Python"}]}]
2024-12-27 19:18:27,716 - engineio.server - INFO - H48VrmnAtaESrAh6AAAA: Received packet MESSAGE data 2/cert-manager,["request_initial_state"]
2024-12-27 19:18:27,716 - socketio.server - INFO - received event "request_initial_state" from uAgl8oevnt3qKGxAAAAI [/cert-manager]
2024-12-27 19:18:27,717 - socketio.server - INFO - emitting event "operation_status" to all [/cert-manager]
2024-12-27 19:18:27,717 - engineio.server - INFO - H48VrmnAtaESrAh6AAAA: Sending packet MESSAGE data 2/cert-manager,["operation_status",{"operation":"fetch","status":"started","message":"Fetching registered certificates"}]
2024-12-27 19:18:27,717 - socketio.server - INFO - emitting event "initial_state" to all [/cert-manager]
2024-12-27 19:18:27,717 - engineio.server - INFO - H48VrmnAtaESrAh6AAAA: Sending packet MESSAGE data 2/cert-manager,["initial_state",{"certificates":[{"identifier":"Jake","passwordHashed":false,"role":"ROLE_ADMIN","groups":["__ANON__"]},{"identifier":"Test","passwordHashed":false,"role":"ROLE_ADMIN","groups":["__ANON__","Delta"]}]}]
2024-12-27 19:18:27,717 - socketio.server - INFO - emitting event "certificates_data" to all [/cert-manager]
2024-12-27 19:18:27,717 - engineio.server - INFO - H48VrmnAtaESrAh6AAAA: Sending packet MESSAGE data 2/cert-manager,["certificates_data",{"certificates":[{"identifier":"Jake","passwordHashed":false,"role":"ROLE_ADMIN","groups":["__ANON__"]},{"identifier":"Test","passwordHashed":false,"role":"ROLE_ADMIN","groups":["__ANON__","Delta"]}]}]
2024-12-27 19:18:27,717 - socketio.server - INFO - emitting event "operation_status" to all [/cert-manager]
2024-12-27 19:18:27,717 - engineio.server - INFO - H48VrmnAtaESrAh6AAAA: Sending packet MESSAGE data 2/cert-manager,["operation_status",{"operation":"fetch","status":"complete","message":"Successfully fetched registered certificates","details":{"total":2}}]
2024-12-27 19:18:27,717 - socketio.server - INFO - emitting event "initial_state" to all [/cert-manager]
2024-12-27 19:18:27,717 - engineio.server - INFO - H48VrmnAtaESrAh6AAAA: Sending packet MESSAGE data 2/cert-manager,["initial_state",{"certificates":[{"identifier":"Jake","passwordHashed":false,"role":"ROLE_ADMIN","groups":["__ANON__"]},{"identifier":"Test","passwordHashed":false,"role":"ROLE_ADMIN","groups":["__ANON__","Delta"]}]}]
2024-12-27 19:18:27,717 - socketio.server - INFO - emitting event "certificates_data" to all [/cert-manager]
2024-12-27 19:18:27,717 - engineio.server - INFO - H48VrmnAtaESrAh6AAAA: Sending packet MESSAGE data 2/cert-manager,["certificates_data",{"certificates":[{"identifier":"Jake","passwordHashed":false,"role":"ROLE_ADMIN","groups":["__ANON__"]},{"identifier":"Test","passwordHashed":false,"role":"ROLE_ADMIN","groups":["__ANON__","Delta"]}]}]
2024-12-27 19:18:27,718 - backend - ERROR - Error: 404 Not Found: The requested URL was not found on the server. If you entered the URL manually please check your spelling and try again.
2024-12-27 19:18:28,332 - engineio.server - INFO - H48VrmnAtaESrAh6AAAA: Received packet MESSAGE data 2/docker-manager,["request_initial_state"]
2024-12-27 19:18:28,332 - socketio.server - INFO - received event "request_initial_state" from vEc03dNqWPKP6MILAAAB [/docker-manager]
2024-12-27 19:18:28,332 - engineio.server - INFO - H48VrmnAtaESrAh6AAAA: Received packet MESSAGE data 2/takserver-installer,["request_initial_state"]
2024-12-27 19:18:28,332 - socketio.server - INFO - received event "request_initial_state" from XEPP33KY8AIziXAIAAAD [/takserver-installer]
2024-12-27 19:18:28,332 - engineio.server - INFO - H48VrmnAtaESrAh6AAAA: Received packet MESSAGE data 2/takserver-uninstall,["request_initial_state"]
2024-12-27 19:18:28,332 - socketio.server - INFO - received event "request_initial_state" from EfbZdqYPd-EDholIAAAE [/takserver-uninstall]
2024-12-27 19:18:28,332 - engineio.server - INFO - H48VrmnAtaESrAh6AAAA: Received packet MESSAGE data 2/takserver-installer,["request_initial_state"]
2024-12-27 19:18:28,332 - socketio.server - INFO - received event "request_initial_state" from XEPP33KY8AIziXAIAAAD [/takserver-installer]
2024-12-27 19:18:28,332 - engineio.server - INFO - H48VrmnAtaESrAh6AAAA: Received packet MESSAGE data 2/takserver-uninstall,["request_initial_state"]
2024-12-27 19:18:28,332 - socketio.server - INFO - received event "request_initial_state" from EfbZdqYPd-EDholIAAAE [/takserver-uninstall]
2024-12-27 19:18:28,332 - engineio.server - INFO - H48VrmnAtaESrAh6AAAA: Received packet MESSAGE data 2/takserver-status,["request_initial_state"]
2024-12-27 19:18:28,332 - socketio.server - INFO - received event "request_initial_state" from WK8kAmzTTkDvr1TeAAAC [/takserver-status]
2024-12-27 19:18:28,332 - engineio.server - INFO - H48VrmnAtaESrAh6AAAA: Received packet MESSAGE data 2/ota-update,["request_initial_state"]
2024-12-27 19:18:28,332 - socketio.server - INFO - received event "request_initial_state" from qZDeQ8abiZjn_dWbAAAF [/ota-update]
2024-12-27 19:18:28,332 - engineio.server - INFO - H48VrmnAtaESrAh6AAAA: Received packet MESSAGE data 2/ota-update,["request_initial_state"]
2024-12-27 19:18:28,332 - socketio.server - INFO - received event "request_initial_state" from qZDeQ8abiZjn_dWbAAAF [/ota-update]
2024-12-27 19:18:28,338 - socketio.server - INFO - emitting event "network_metrics" to all [/ip-fetcher]
2024-12-27 19:18:28,338 - engineio.server - INFO - H48VrmnAtaESrAh6AAAA: Sending packet MESSAGE data 2/ip-fetcher,["network_metrics",{"ip_address":"10.11.11.118","network":{"upload":0.0,"download":0.01,"total":0.01}}]
2024-12-27 19:18:28,427 - socketio.server - INFO - emitting event "initial_state" to all [/docker-manager]
2024-12-27 19:18:28,427 - engineio.server - INFO - H48VrmnAtaESrAh6AAAA: Sending packet MESSAGE data 2/docker-manager,["initial_state",{"isInstalled":true,"isRunning":true,"containers":[{"name":"tak-manager-frontend","status":"Exited (1) 5 hours ago"},{"name":"tak-manager-backend","status":"Exited (0) 5 hours ago"},{"name":"snake-frontend-1","status":"Exited (143) 20 hours ago"},{"name":"snake-backend-1","status":"Exited (0) 20 hours ago"},{"name":"tak-database-5.2-release-43","status":"Up 7 hours"},{"name":"takserver-5.2-release-43","status":"Up 7 hours"},{"name":"buildx_buildkit_heuristic_snyder0","status":"Up 7 hours"}],"error":null}]
2024-12-27 19:18:28,427 - socketio.server - INFO - emitting event "terminal_output" to all [//docker-manager]
2024-12-27 19:18:28,436 - socketio.server - INFO - emitting event "terminal_output" to all [//docker-manager]
2024-12-27 19:18:28,437 - socketio.server - INFO - emitting event "operation_status" to all [/takserver-uninstall]
2024-12-27 19:18:28,437 - engineio.server - INFO - H48VrmnAtaESrAh6AAAA: Sending packet MESSAGE data 2/takserver-uninstall,["operation_status",{"operation":"uninstall","status":"initial","message":"Ready for uninstallation","details":{"isUninstalling":false,"uninstallComplete":false,"uninstallSuccess":false,"uninstallError":null,"status":null,"operationInProgress":false,"progress":0},"progress":0}]
2024-12-27 19:18:28,437 - socketio.server - INFO - emitting event "terminal_output" to all [//docker-manager]
2024-12-27 19:18:28,447 - socketio.server - INFO - emitting event "terminal_output" to all [//docker-manager]
2024-12-27 19:18:28,448 - socketio.server - INFO - emitting event "operation_status" to all [/takserver-uninstall]
2024-12-27 19:18:28,448 - engineio.server - INFO - H48VrmnAtaESrAh6AAAA: Sending packet MESSAGE data 2/takserver-uninstall,["operation_status",{"operation":"uninstall","status":"initial","message":"Ready for uninstallation","details":{"isUninstalling":false,"uninstallComplete":false,"uninstallSuccess":false,"uninstallError":null,"status":null,"operationInProgress":false,"progress":0},"progress":0}]
2024-12-27 19:18:28,540 - socketio.server - INFO - emitting event "takserver_status" to all [/takserver-status]
2024-12-27 19:18:28,540 - engineio.server - INFO - H48VrmnAtaESrAh6AAAA: Sending packet MESSAGE data 2/takserver-status,["takserver_status",{"isInstalled":true,"isRunning":true,"dockerRunning":true,"version":"5.2-release-43","error":null,"isStarting":false,"isStopping":false,"isRestarting":false,"isUninstalling":false}]
2024-12-27 19:18:28,541 - socketio.server - INFO - emitting event "operation_status" to all [/ota-update]
2024-12-27 19:18:28,541 - engineio.server - INFO - H48VrmnAtaESrAh6AAAA: Sending packet MESSAGE data 2/ota-update,["operation_status",{"operation":"ota_update","status":"initial","message":"Ready for update","details":{"isUpdating":false,"updateComplete":false,"updateSuccess":false,"updateError":null}}]
2024-12-27 19:18:28,541 - socketio.server - INFO - emitting event "operation_status" to all [/ota-update]
2024-12-27 19:18:28,541 - engineio.server - INFO - H48VrmnAtaESrAh6AAAA: Sending packet MESSAGE data 2/ota-update,["operation_status",{"operation":"ota_update","status":"initial","message":"Ready for update","details":{"isUpdating":false,"updateComplete":false,"updateSuccess":false,"updateError":null}}]
2024-12-27 19:18:28,541 - socketio.server - INFO - emitting event "terminal_output" to all [//docker-manager]
2024-12-27 19:18:28,541 - socketio.server - INFO - emitting event "operation_status" to all [/takserver-installer]
2024-12-27 19:18:28,541 - engineio.server - INFO - H48VrmnAtaESrAh6AAAA: Sending packet MESSAGE data 2/takserver-installer,["operation_status",{"operation":"install","status":"initial","message":"Ready for installation","details":{"isInstalling":false,"installationComplete":false,"installationSuccess":false,"installationError":null,"isRollingBack":false,"isStoppingInstallation":false,"status":null,"operationInProgress":false,"dockerInstalled":false,"progress":0},"progress":0}]
2024-12-27 19:18:28,541 - socketio.server - INFO - emitting event "terminal_output" to all [//docker-manager]
2024-12-27 19:18:28,541 - socketio.server - INFO - emitting event "operation_status" to all [/takserver-installer]
2024-12-27 19:18:28,541 - engineio.server - INFO - H48VrmnAtaESrAh6AAAA: Sending packet MESSAGE data 2/takserver-installer,["operation_status",{"operation":"install","status":"initial","message":"Ready for installation","details":{"isInstalling":false,"installationComplete":false,"installationSuccess":false,"installationError":null,"isRollingBack":false,"isStoppingInstallation":false,"status":null,"operationInProgress":false,"dockerInstalled":false,"progress":0},"progress":0}]
2024-12-27 19:18:29,090 - socketio.server - INFO - emitting event "cpu_usage" to all [/services-monitor]
2024-12-27 19:18:29,091 - engineio.server - INFO - H48VrmnAtaESrAh6AAAA: Sending packet MESSAGE data 2/services-monitor,["cpu_usage",{"cpu_usage":11.3}]
2024-12-27 19:18:29,192 - socketio.server - INFO - emitting event "ram_usage" to all [/services-monitor]
2024-12-27 19:18:29,192 - engineio.server - INFO - H48VrmnAtaESrAh6AAAA: Sending packet MESSAGE data 2/services-monitor,["ram_usage",{"ram_usage":56.7}]
2024-12-27 19:18:29,293 - socketio.server - INFO - emitting event "services" to all [/services-monitor]
2024-12-27 19:18:29,293 - engineio.server - INFO - H48VrmnAtaESrAh6AAAA: Sending packet MESSAGE data 2/services-monitor,["services",{"services":[{"pid":1369,"name":"adb"},{"pid":1507,"name":"systemstats"},{"pid":13106,"name":"Signal Helper (GPU)"},{"pid":13107,"name":"Signal Helper"},{"pid":13108,"name":"Signal Helper (Renderer)"},{"pid":13392,"name":"Signal Helper"},{"pid":65458,"name":"com.docker.backend"},{"pid":65481,"name":"com.docker.dev-envs"},{"pid":65482,"name":"com.docker.build"},{"pid":65484,"name":"Docker Desktop"},{"pid":65487,"name":"com.docker.virtualization"},{"pid":65563,"name":"Docker Desktop Helper (GPU)"},{"pid":65573,"name":"Docker Desktop Helper"},{"pid":65721,"name":"Docker Desktop Helper (Renderer)"},{"pid":79029,"name":"Cursor Helper (GPU)"},{"pid":79030,"name":"Cursor Helper"},{"pid":79031,"name":"Cursor Helper (Renderer)"},{"pid":79167,"name":"Cursor Helper"},{"pid":79168,"name":"Cursor Helper"},{"pid":79169,"name":"Cursor Helper (Plugin): extension-host [1-1]"},{"pid":79170,"name":"Cursor Helper"},{"pid":79274,"name":"pet"},{"pid":79320,"name":"Cursor Helper (Plugin)"},{"pid":79330,"name":"zsh"},{"pid":79553,"name":"zsh"},{"pid":79718,"name":"Cursor Helper (Plugin)"},{"pid":79719,"name":"Cursor Helper (Plugin)"},{"pid":79723,"name":"Cursor Helper (Plugin)"},{"pid":79745,"name":"Cursor Helper (Plugin)"},{"pid":79892,"name":"zsh"},{"pid":80054,"name":"bash"},{"pid":80065,"name":"zsh"},{"pid":80472,"name":"Cursor Helper (Plugin)"},{"pid":80473,"name":"Cursor Helper (Plugin)"},{"pid":80726,"name":"Python"},{"pid":80727,"name":"Python"},{"pid":80728,"name":"Python"}]}]
2024-12-27 19:18:29,704 - engineio.server - INFO - H48VrmnAtaESrAh6AAAA: Received packet MESSAGE data 2/services-monitor,["request_initial_state"]
2024-12-27 19:18:29,704 - socketio.server - INFO - received event "request_initial_state" from RbhfGv8OfGxLkqyNAAAH [/services-monitor]
2024-12-27 19:18:29,704 - engineio.server - INFO - H48VrmnAtaESrAh6AAAA: Received packet MESSAGE data 2/ip-fetcher,["request_initial_state"]
2024-12-27 19:18:29,704 - socketio.server - INFO - received event "request_initial_state" from jhPIaVBU28mkZ9GyAAAG [/ip-fetcher]
2024-12-27 19:18:29,791 - socketio.server - INFO - emitting event "initial_state" to all [/services-monitor]
2024-12-27 19:18:29,791 - engineio.server - INFO - H48VrmnAtaESrAh6AAAA: Sending packet MESSAGE data 2/services-monitor,["initial_state",{"cpu_usage":9.0,"ram_usage":56.6,"services":[{"pid":1369,"name":"adb"},{"pid":1507,"name":"systemstats"},{"pid":13106,"name":"Signal Helper (GPU)"},{"pid":13107,"name":"Signal Helper"},{"pid":13108,"name":"Signal Helper (Renderer)"},{"pid":13392,"name":"Signal Helper"},{"pid":65458,"name":"com.docker.backend"},{"pid":65481,"name":"com.docker.dev-envs"},{"pid":65482,"name":"com.docker.build"},{"pid":65484,"name":"Docker Desktop"},{"pid":65487,"name":"com.docker.virtualization"},{"pid":65563,"name":"Docker Desktop Helper (GPU)"},{"pid":65573,"name":"Docker Desktop Helper"},{"pid":65721,"name":"Docker Desktop Helper (Renderer)"},{"pid":79029,"name":"Cursor Helper (GPU)"},{"pid":79030,"name":"Cursor Helper"},{"pid":79031,"name":"Cursor Helper (Renderer)"},{"pid":79167,"name":"Cursor Helper"},{"pid":79168,"name":"Cursor Helper"},{"pid":79169,"name":"Cursor Helper (Plugin): extension-host [1-1]"},{"pid":79170,"name":"Cursor Helper"},{"pid":79274,"name":"pet"},{"pid":79320,"name":"Cursor Helper (Plugin)"},{"pid":79330,"name":"zsh"},{"pid":79553,"name":"zsh"},{"pid":79718,"name":"Cursor Helper (Plugin)"},{"pid":79719,"name":"Cursor Helper (Plugin)"},{"pid":79723,"name":"Cursor Helper (Plugin)"},{"pid":79745,"name":"Cursor Helper (Plugin)"},{"pid":79892,"name":"zsh"},{"pid":80054,"name":"bash"},{"pid":80065,"name":"zsh"},{"pid":80472,"name":"Cursor Helper (Plugin)"},{"pid":80473,"name":"Cursor Helper (Plugin)"},{"pid":80726,"name":"Python"},{"pid":80727,"name":"Python"},{"pid":80728,"name":"Python"}]}]
2024-12-27 19:18:29,797 - socketio.server - INFO - emitting event "initial_state" to all [/ip-fetcher]
2024-12-27 19:18:29,797 - engineio.server - INFO - H48VrmnAtaESrAh6AAAA: Sending packet MESSAGE data 2/ip-fetcher,["initial_state",{"ip_address":"10.11.11.118","network":{"upload":0.0,"download":0.0,"total":0.01}}]
2024-12-27 19:18:30,446 - socketio.server - INFO - emitting event "network_metrics" to all [/ip-fetcher]
2024-12-27 19:18:30,446 - engineio.server - INFO - H48VrmnAtaESrAh6AAAA: Sending packet MESSAGE data 2/ip-fetcher,["network_metrics",{"ip_address":"10.11.11.118","network":{"upload":0.0,"download":0.01,"total":0.01}}]
2024-12-27 19:18:31,193 - socketio.server - INFO - emitting event "cpu_usage" to all [/services-monitor]
2024-12-27 19:18:31,193 - engineio.server - INFO - H48VrmnAtaESrAh6AAAA: Sending packet MESSAGE data 2/services-monitor,["cpu_usage",{"cpu_usage":7.9}]
